Log file open, 01/11/21 00:46:30
LogInit: Display: Running engine for game: EndlessRunnerProj
LogPlatformFile: Not using cached read wrapper
LogTaskGraph: Started task graph with 5 named threads and 83 total threads with 3 sets of task threads.
LogStats: Stats thread started at 0.201409
LogD3D11RHI: Loaded GFSDK_Aftermath_Lib.x64.dll
LogICUInternationalization: ICU TimeZone Detection - Raw Offset: +3:00, Platform Override: ''
LogPluginManager: Mounting plugin Paper2D
LogPluginManager: Mounting plugin AISupport
LogPluginManager: Mounting plugin LightPropagationVolume
LogPluginManager: Mounting plugin CameraShakePreviewer
LogPluginManager: Mounting plugin ActorLayerUtilities
LogPluginManager: Mounting plugin AnimationSharing
LogPluginManager: Mounting plugin CLionSourceCodeAccess
LogPluginManager: Mounting plugin CodeLiteSourceCodeAccess
LogPluginManager: Mounting plugin GitSourceControl
LogPluginManager: Mounting plugin KDevelopSourceCodeAccess
LogPluginManager: Mounting plugin NullSourceCodeAccess
LogPluginManager: Mounting plugin PerforceSourceControl
LogPluginManager: Mounting plugin PlasticSourceControl
LogPluginManager: Mounting plugin RiderSourceCodeAccess
LogPluginManager: Mounting plugin SubversionSourceControl
LogPluginManager: Mounting plugin UObjectPlugin
LogPluginManager: Mounting plugin VisualStudioCodeSourceCodeAccess
LogPluginManager: Mounting plugin VisualStudioSourceCodeAccess
LogPluginManager: Mounting plugin XCodeSourceCodeAccess
LogPluginManager: Mounting plugin AssetManagerEditor
LogPluginManager: Mounting plugin CryptoKeys
LogPluginManager: Mounting plugin CurveEditorTools
LogPluginManager: Mounting plugin DataValidation
LogPluginManager: Mounting plugin EditorScriptingUtilities
LogPluginManager: Mounting plugin FacialAnimation
LogPluginManager: Mounting plugin GameplayTagsEditor
LogPluginManager: Mounting plugin GeometryMode
LogPluginManager: Mounting plugin MacGraphicsSwitching
LogPluginManager: Mounting plugin MaterialAnalyzer
LogPluginManager: Mounting plugin MobileLauncherProfileWizard
LogPluginManager: Mounting plugin PluginBrowser
LogPluginManager: Mounting plugin SpeedTreeImporter
LogPluginManager: Mounting plugin DatasmithContent
LogPluginManager: Mounting plugin VariantManagerContent
LogPluginManager: Mounting plugin AlembicImporter
LogPluginManager: Mounting plugin AutomationUtils
LogPluginManager: Mounting plugin BackChannel
LogPluginManager: Mounting plugin ChaosCloth
LogPluginManager: Mounting plugin ChaosClothEditor
LogPluginManager: Mounting plugin ChaosEditor
LogPluginManager: Mounting plugin ChaosNiagara
LogPluginManager: Mounting plugin ChaosSolverPlugin
LogPluginManager: Mounting plugin CharacterAI
LogPluginManager: Mounting plugin GeometryCache
LogPluginManager: Mounting plugin GeometryCollectionPlugin
LogPluginManager: Mounting plugin GeometryProcessing
LogPluginManager: Mounting plugin PlanarCut
LogPluginManager: Mounting plugin PlatformCrypto
LogPluginManager: Mounting plugin ProxyLODPlugin
LogPluginManager: Mounting plugin SkeletalReduction
LogPluginManager: Mounting plugin Niagara
LogPluginManager: Mounting plugin MagicLeap
LogPluginManager: Mounting plugin MagicLeapLightEstimation
LogPluginManager: Mounting plugin MagicLeapMedia
LogPluginManager: Mounting plugin MagicLeapPassableWorld
LogPluginManager: Mounting plugin MLSDK
LogPluginManager: Mounting plugin AndroidMedia
LogPluginManager: Mounting plugin AvfMedia
LogPluginManager: Mounting plugin ImgMedia
LogPluginManager: Mounting plugin MediaCompositing
LogPluginManager: Mounting plugin MediaPlayerEditor
LogPluginManager: Mounting plugin WebMMedia
LogPluginManager: Mounting plugin WmfMedia
LogPluginManager: Mounting plugin MeshPainting
LogPluginManager: Mounting plugin TcpMessaging
LogPluginManager: Mounting plugin UdpMessaging
LogPluginManager: Mounting plugin ActorSequence
LogPluginManager: Mounting plugin LevelSequenceEditor
LogPluginManager: Mounting plugin MatineeToLevelSequence
LogPluginManager: Mounting plugin MovieRenderPipeline
LogPluginManager: Mounting plugin TemplateSequence
LogPluginManager: Mounting plugin NetcodeUnitTest
LogPluginManager: Mounting plugin NUTUnrealEngine4
LogPluginManager: Mounting plugin OnlineSubsystemGooglePlay
LogPluginManager: Mounting plugin OnlineSubsystemIOS
LogPluginManager: Mounting plugin OnlineSubsystem
LogPluginManager: Mounting plugin OnlineSubsystemNull
LogPluginManager: Mounting plugin OnlineSubsystemUtils
LogPluginManager: Mounting plugin LauncherChunkInstaller
LogPluginManager: Mounting plugin AndroidDeviceProfileSelector
LogPluginManager: Mounting plugin AndroidMoviePlayer
LogPluginManager: Mounting plugin AndroidPermission
LogPluginManager: Mounting plugin AppleImageUtils
LogPluginManager: Mounting plugin AppleMoviePlayer
LogPluginManager: Mounting plugin ArchVisCharacter
LogPluginManager: Mounting plugin AssetTags
LogPluginManager: Mounting plugin AudioCapture
LogPluginManager: Mounting plugin CableComponent
LogPluginManager: Mounting plugin CustomMeshComponent
LogPluginManager: Mounting plugin EditableMesh
LogPluginManager: Mounting plugin ExampleDeviceProfileSelector
LogPluginManager: Mounting plugin GoogleCloudMessaging
LogPluginManager: Mounting plugin GooglePAD
LogPluginManager: Mounting plugin IOSDeviceProfileSelector
LogPluginManager: Mounting plugin LinuxDeviceProfileSelector
LogPluginManager: Mounting plugin LocationServicesBPLibrary
LogPluginManager: Mounting plugin MobilePatchingUtils
LogPluginManager: Mounting plugin OculusVR
LogPluginManager: Mounting plugin PhysXVehicles
LogPluginManager: Mounting plugin PostSplashScreen
LogPluginManager: Mounting plugin ProceduralMeshComponent
LogPluginManager: Mounting plugin RuntimePhysXCooking
LogPluginManager: Mounting plugin SignificanceManager
LogPluginManager: Mounting plugin SoundFields
LogPluginManager: Mounting plugin SteamVR
LogPluginManager: Mounting plugin Synthesis
LogPluginManager: Mounting plugin WebMMoviePlayer
LogPluginManager: Mounting plugin WindowsMoviePlayer
LogPluginManager: Mounting plugin ScreenshotTools
LogInit: Using libcurl 7.55.1-DEV
LogInit:  - built for x86_64-pc-win32
LogInit:  - supports SSL with OpenSSL/1.1.1
LogInit:  - supports HTTP deflate (compression) using libz 1.2.8
LogInit:  - other features:
LogInit:      CURL_VERSION_SSL
LogInit:      CURL_VERSION_LIBZ
LogInit:      CURL_VERSION_IPV6
LogInit:      CURL_VERSION_ASYNCHDNS
LogInit:      CURL_VERSION_LARGEFILE
LogInit:      CURL_VERSION_IDN
LogInit:  CurlRequestOptions (configurable via config and command line):
LogInit:  - bVerifyPeer = true  - Libcurl will verify peer certificate
LogInit:  - bUseHttpProxy = false  - Libcurl will NOT use HTTP proxy
LogInit:  - bDontReuseConnections = false  - Libcurl will reuse connections
LogInit:  - MaxHostConnections = 16  - Libcurl will limit the number of connections to a host
LogInit:  - LocalHostAddr = Default
LogInit:  - BufferSize = 65536
LogOnline: OSS: Creating online subsystem instance for: NULL
LogInit: WinSock: version 1.1 (2.2), MaxSocks=32767, MaxUdp=65467
LogOnline: OSS: TryLoadSubsystemAndSetDefault: Loaded subsystem for module [NULL]
LogInit: Build: ++UE4+Release-4.25-CL-14469661
LogInit: Engine Version: 4.25.4-14469661+++UE4+Release-4.25
LogInit: Compatible Engine Version: 4.25.0-13144385+++UE4+Release-4.25
LogInit: Net CL: 13144385
LogInit: OS: Windows 10 (Release 2004) (), CPU: AMD Ryzen Threadripper 2970WX 24-Core Processor, GPU: NVIDIA GeForce GTX 1080
LogInit: Compiled (64-bit): Oct 11 2020 08:10:49
LogInit: Compiled with Visual C++: 19.24.28315.00
LogInit: Build Configuration: Development
LogInit: Branch Name: ++UE4+Release-4.25
LogInit: Command Line:  /Game/EndlessRunnerProj/Maps/ThirdPersonExampleMap -game -PIEVIACONSOLE -Multiprocess "GameUserSettingsINI=C:/Users/Nick/Documents/Unreal Projects/EndlessRunnerProj/Saved/Config/Windows/PIEGameUserSettings0.ini" -MultiprocessSaveConfig -MultiprocessOSS -messaging -SessionName="Play in Standalone Game" -featureleveles31 -faketouches -MultiprocessSaveConfig -windowed -ResX=720 -ResY=1280 -ForceRes
LogInit: Base Directory: C:/Program Files/Epic Games/UE_4.25/Engine/Binaries/Win64/
LogInit: Allocator: TBB
LogInit: Installed Engine Build: 1
LogDevObjectVersion: Number of dev versions registered: 26
LogDevObjectVersion:   Dev-Blueprints (B0D832E4-1F89-4F0D-ACCF-7EB736FD4AA2): 10
LogDevObjectVersion:   Dev-Build (E1C64328-A22C-4D53-A36C-8E866417BD8C): 0
LogDevObjectVersion:   Dev-Core (375EC13C-06E4-48FB-B500-84F0262A717E): 4
LogDevObjectVersion:   Dev-Editor (E4B068ED-F494-42E9-A231-DA0B2E46BB41): 38
LogDevObjectVersion:   Dev-Framework (CFFC743F-43B0-4480-9391-14DF171D2073): 37
LogDevObjectVersion:   Dev-Mobile (B02B49B5-BB20-44E9-A304-32B752E40360): 2
LogDevObjectVersion:   Dev-Networking (A4E4105C-59A1-49B5-A7C5-40C4547EDFEE): 0
LogDevObjectVersion:   Dev-Online (39C831C9-5AE6-47DC-9A44-9C173E1C8E7C): 0
LogDevObjectVersion:   Dev-Physics (78F01B33-EBEA-4F98-B9B4-84EACCB95AA2): 4
LogDevObjectVersion:   Dev-Platform (6631380F-2D4D-43E0-8009-CF276956A95A): 0
LogDevObjectVersion:   Dev-Rendering (12F88B9F-8875-4AFC-A67C-D90C383ABD29): 43
LogDevObjectVersion:   Dev-Sequencer (7B5AE74C-D270-4C10-A958-57980B212A5A): 12
LogDevObjectVersion:   Dev-VR (D7296918-1DD6-4BDD-9DE2-64A83CC13884): 3
LogDevObjectVersion:   Dev-LoadTimes (C2A15278-BFE7-4AFE-6C17-90FF531DF755): 1
LogDevObjectVersion:   Private-Geometry (6EACA3D4-40EC-4CC1-B786-8BED09428FC5): 3
LogDevObjectVersion:   Dev-AnimPhys (29E575DD-E0A3-4627-9D10-D276232CDCEA): 17
LogDevObjectVersion:   Dev-Anim (AF43A65D-7FD3-4947-9873-3E8ED9C1BB05): 7
LogDevObjectVersion:   Dev-ReflectionCapture (6B266CEC-1EC7-4B8F-A30B-E4D90942FC07): 1
LogDevObjectVersion:   Dev-Automation (0DF73D61-A23F-47EA-B727-89E90C41499A): 1
LogDevObjectVersion:   FortniteMain (601D1886-AC64-4F84-AA16-D3DE0DEAC7D6): 31
LogDevObjectVersion:   Dev-Enterprise (9DFFBCD6-494F-0158-E221-12823C92A888): 10
LogDevObjectVersion:   Dev-Niagara (F2AED0AC-9AFE-416F-8664-AA7FFA26D6FC): 1
LogDevObjectVersion:   Dev-Destruction (174F1F0B-B4C6-45A5-B13F-2EE8D0FB917D): 10
LogDevObjectVersion:   Dev-Physics-Ext (35F94A83-E258-406C-A318-09F59610247C): 37
LogDevObjectVersion:   Dev-PhysicsMaterial-Chaos (B68FC16E-8B1B-42E2-B453-215C058844FE): 1
LogDevObjectVersion:   Dev-CineCamera (B2E18506-4273-CFC2-A54E-F4BB758BBA07): 1
LogInit: Presizing for max 25165824 objects, including 0 objects not considered by GC, pre-allocating 0 bytes for permanent pool.
LogConfig: Applying CVar settings from Section [/Script/Engine.StreamingSettings] File [C:/Users/Nick/Documents/Unreal Projects/EndlessRunnerProj/Saved/Config/Windows/Engine.ini]
LogConfig: Setting CVar [[s.MinBulkDataSizeForAsyncLoading:131072]]
LogConfig: Setting CVar [[s.AsyncLoadingThreadEnabled:0]]
LogConfig: Setting CVar [[s.EventDrivenLoaderEnabled:1]]
LogConfig: Setting CVar [[s.WarnIfTimeLimitExceeded:0]]
LogConfig: Setting CVar [[s.TimeLimitExceededMultiplier:1.5]]
LogConfig: Setting CVar [[s.TimeLimitExceededMinTime:0.005]]
LogConfig: Setting CVar [[s.UseBackgroundLevelStreaming:1]]
LogConfig: Setting CVar [[s.PriorityAsyncLoadingExtraTime:15.0]]
LogConfig: Setting CVar [[s.LevelStreamingActorsUpdateTimeLimit:5.0]]
LogConfig: Setting CVar [[s.PriorityLevelStreamingActorsUpdateExtraTime:5.0]]
LogConfig: Setting CVar [[s.LevelStreamingComponentsRegistrationGranularity:10]]
LogConfig: Setting CVar [[s.UnregisterComponentsTimeLimit:1.0]]
LogConfig: Setting CVar [[s.LevelStreamingComponentsUnregistrationGranularity:5]]
LogConfig: Setting CVar [[s.FlushStreamingOnExit:1]]
LogInit: Object subsystem initialized
LogConfig: Setting CVar [[con.DebugEarlyDefault:1]]
LogConfig: Setting CVar [[r.setres:1280x720]]
[2021.01.10-21.46.31:002][  0]LogConfig: Setting CVar [[con.DebugEarlyDefault:1]]
[2021.01.10-21.46.31:002][  0]LogConfig: Setting CVar [[r.setres:1280x720]]
[2021.01.10-21.46.31:002][  0]LogConfig: Applying CVar settings from Section [/Script/Engine.RendererSettings] File [C:/Users/Nick/Documents/Unreal Projects/EndlessRunnerProj/Saved/Config/Windows/Engine.ini]
[2021.01.10-21.46.31:002][  0]LogConfig: Setting CVar [[r.GPUCrashDebugging:0]]
[2021.01.10-21.46.31:002][  0]LogConfig: Setting CVar [[r.mobile.tonemapperfilm:1]]
[2021.01.10-21.46.31:002][  0]LogConfig: Setting CVar [[r.Mobile.DisableVertexFog:0]]
[2021.01.10-21.46.31:002][  0]LogConfig: Setting CVar [[r.Shadow.CSM.MaxMobileCascades:2]]
[2021.01.10-21.46.31:002][  0]LogConfig: Setting CVar [[r.MobileMSAA:1]]
[2021.01.10-21.46.31:002][  0]LogConfig: Setting CVar [[r.Mobile.UseLegacyShadingModel:0]]
[2021.01.10-21.46.31:002][  0]LogConfig: Setting CVar [[r.Mobile.AllowDitheredLODTransition:0]]
[2021.01.10-21.46.31:002][  0]LogConfig: Setting CVar [[r.Mobile.AllowSoftwareOcclusion:0]]
[2021.01.10-21.46.31:002][  0]LogConfig: Setting CVar [[r.Mobile.VirtualTextures:0]]
[2021.01.10-21.46.31:002][  0]LogConfig: Setting CVar [[r.DiscardUnusedQuality:0]]
[2021.01.10-21.46.31:002][  0]LogConfig: Setting CVar [[r.AllowOcclusionQueries:1]]
[2021.01.10-21.46.31:002][  0]LogConfig: Setting CVar [[r.MinScreenRadiusForLights:0.030000]]
[2021.01.10-21.46.31:002][  0]LogConfig: Setting CVar [[r.MinScreenRadiusForDepthPrepass:0.030000]]
[2021.01.10-21.46.31:002][  0]LogConfig: Setting CVar [[r.MinScreenRadiusForCSMDepth:0.010000]]
[2021.01.10-21.46.31:002][  0]LogConfig: Setting CVar [[r.PrecomputedVisibilityWarning:0]]
[2021.01.10-21.46.31:002][  0]LogConfig: Setting CVar [[r.TextureStreaming:1]]
[2021.01.10-21.46.31:002][  0]LogConfig: Setting CVar [[Compat.UseDXT5NormalMaps:0]]
[2021.01.10-21.46.31:002][  0]LogConfig: Setting CVar [[r.VirtualTextures:0]]
[2021.01.10-21.46.31:002][  0]LogConfig: Setting CVar [[r.VirtualTexturedLightmaps:0]]
[2021.01.10-21.46.31:002][  0]LogConfig: Setting CVar [[r.VT.TileSize:128]]
[2021.01.10-21.46.31:002][  0]LogConfig: Setting CVar [[r.VT.TileBorderSize:4]]
[2021.01.10-21.46.31:003][  0]LogConfig: Setting CVar [[r.vt.FeedbackFactor:16]]
[2021.01.10-21.46.31:003][  0]LogConfig: Setting CVar [[r.VT.EnableCompressZlib:1]]
[2021.01.10-21.46.31:003][  0]LogConfig: Setting CVar [[r.VT.EnableCompressCrunch:0]]
[2021.01.10-21.46.31:003][  0]LogConfig: Setting CVar [[r.ClearCoatNormal:0]]
[2021.01.10-21.46.31:003][  0]LogConfig: Setting CVar [[r.AnisotropicBRDF:0]]
[2021.01.10-21.46.31:003][  0]LogConfig: Setting CVar [[r.ReflectionCaptureResolution:128]]
[2021.01.10-21.46.31:003][  0]LogConfig: Setting CVar [[r.ReflectionEnvironmentLightmapMixBasedOnRoughness:1]]
[2021.01.10-21.46.31:003][  0]LogConfig: Setting CVar [[r.ForwardShading:1]]
[2021.01.10-21.46.31:003][  0]LogConfig: Setting CVar [[r.VertexFoggingForOpaque:1]]
[2021.01.10-21.46.31:003][  0]LogConfig: Setting CVar [[r.AllowStaticLighting:1]]
[2021.01.10-21.46.31:003][  0]LogConfig: Setting CVar [[r.NormalMapsForStaticLighting:0]]
[2021.01.10-21.46.31:003][  0]LogConfig: Setting CVar [[r.GenerateMeshDistanceFields:0]]
[2021.01.10-21.46.31:003][  0]LogConfig: Setting CVar [[r.DistanceFieldBuild.EightBit:0]]
[2021.01.10-21.46.31:003][  0]LogConfig: Setting CVar [[r.GenerateLandscapeGIData:0]]
[2021.01.10-21.46.31:003][  0]LogConfig: Setting CVar [[r.DistanceFieldBuild.Compress:0]]
[2021.01.10-21.46.31:003][  0]LogConfig: Setting CVar [[r.TessellationAdaptivePixelsPerTriangle:48.000000]]
[2021.01.10-21.46.31:003][  0]LogConfig: Setting CVar [[r.SeparateTranslucency:0]]
[2021.01.10-21.46.31:003][  0]LogConfig: Setting CVar [[r.TranslucentSortPolicy:0]]
[2021.01.10-21.46.31:003][  0]LogConfig: Setting CVar [[r.CustomDepth:1]]
[2021.01.10-21.46.31:003][  0]LogConfig: Setting CVar [[r.CustomDepthTemporalAAJitter:1]]
[2021.01.10-21.46.31:003][  0]LogConfig: Setting CVar [[r.PostProcessing.PropagateAlpha:0]]
[2021.01.10-21.46.31:003][  0]LogConfig: Setting CVar [[r.DefaultFeature.Bloom:1]]
[2021.01.10-21.46.31:003][  0]LogConfig: Setting CVar [[r.DefaultFeature.AmbientOcclusion:0]]
[2021.01.10-21.46.31:003][  0]LogConfig: Setting CVar [[r.DefaultFeature.AmbientOcclusionStaticFraction:1]]
[2021.01.10-21.46.31:003][  0]LogConfig: Setting CVar [[r.DefaultFeature.AutoExposure:0]]
[2021.01.10-21.46.31:003][  0]LogConfig: Setting CVar [[r.DefaultFeature.AutoExposure.Method:0]]
[2021.01.10-21.46.31:003][  0]LogConfig: Setting CVar [[r.DefaultFeature.AutoExposure.Bias:1.000000]]
[2021.01.10-21.46.31:003][  0]LogConfig: Setting CVar [[r.DefaultFeature.AutoExposure.ExtendDefaultLuminanceRange:0]]
[2021.01.10-21.46.31:003][  0]LogConfig: Setting CVar [[r.UsePreExposure:1]]
[2021.01.10-21.46.31:003][  0]LogConfig: Setting CVar [[r.EyeAdaptation.EditorOnly:0]]
[2021.01.10-21.46.31:003][  0]LogConfig: Setting CVar [[r.DefaultFeature.MotionBlur:0]]
[2021.01.10-21.46.31:003][  0]LogConfig: Setting CVar [[r.DefaultFeature.LensFlare:0]]
[2021.01.10-21.46.31:003][  0]LogConfig: Setting CVar [[r.TemporalAA.Upsampling:0]]
[2021.01.10-21.46.31:003][  0]LogConfig: Setting CVar [[r.SSGI.Enable:0]]
[2021.01.10-21.46.31:003][  0]LogConfig: Setting CVar [[r.DefaultFeature.AntiAliasing:0]]
[2021.01.10-21.46.31:003][  0]LogConfig: Setting CVar [[r.DefaultFeature.LightUnits:1]]
[2021.01.10-21.46.31:003][  0]LogConfig: Setting CVar [[r.DefaultBackBufferPixelFormat:4]]
[2021.01.10-21.46.31:003][  0]LogConfig: Setting CVar [[r.Shadow.UnbuiltPreviewInGame:1]]
[2021.01.10-21.46.31:003][  0]LogConfig: Setting CVar [[r.StencilForLODDither:0]]
[2021.01.10-21.46.31:003][  0]LogConfig: Setting CVar [[r.EarlyZPass:3]]
[2021.01.10-21.46.31:003][  0]LogConfig: Setting CVar [[r.EarlyZPassOnlyMaterialMasking:0]]
[2021.01.10-21.46.31:003][  0]LogConfig: Setting CVar [[r.DBuffer:1]]
[2021.01.10-21.46.31:003][  0]LogConfig: Setting CVar [[r.ClearSceneMethod:1]]
[2021.01.10-21.46.31:003][  0]LogConfig: Setting CVar [[r.BasePassOutputsVelocity:0]]
[2021.01.10-21.46.31:003][  0]LogConfig: Setting CVar [[r.VertexDeformationOutputsVelocity:0]]
[2021.01.10-21.46.31:003][  0]LogConfig: Setting CVar [[r.SelectiveBasePassOutputs:0]]
[2021.01.10-21.46.31:003][  0]LogConfig: Setting CVar [[fx.GPUSimulationTextureSizeX:1024]]
[2021.01.10-21.46.31:003][  0]LogConfig: Setting CVar [[fx.GPUSimulationTextureSizeY:1024]]
[2021.01.10-21.46.31:003][  0]LogConfig: Setting CVar [[r.AllowGlobalClipPlane:0]]
[2021.01.10-21.46.31:003][  0]LogConfig: Setting CVar [[r.GBufferFormat:1]]
[2021.01.10-21.46.31:003][  0]LogConfig: Setting CVar [[r.MorphTarget.Mode:1]]
[2021.01.10-21.46.31:003][  0]LogConfig: Setting CVar [[vr.InstancedStereo:0]]
[2021.01.10-21.46.31:003][  0]LogConfig: Setting CVar [[r.MobileHDR:1]]
[2021.01.10-21.46.31:003][  0]LogConfig: Setting CVar [[vr.MobileMultiView:0]]
[2021.01.10-21.46.31:003][  0]LogConfig: Setting CVar [[r.Mobile.UseHWsRGBEncoding:0]]
[2021.01.10-21.46.31:003][  0]LogConfig: Setting CVar [[vr.RoundRobinOcclusion:0]]
[2021.01.10-21.46.31:003][  0]LogConfig: Setting CVar [[vr.ODSCapture:0]]
[2021.01.10-21.46.31:003][  0]LogConfig: Setting CVar [[r.MeshStreaming:0]]
[2021.01.10-21.46.31:003][  0]LogConfig: Setting CVar [[r.WireframeCullThreshold:5.000000]]
[2021.01.10-21.46.31:003][  0]LogConfig: Setting CVar [[r.RayTracing:0]]
[2021.01.10-21.46.31:003][  0]LogConfig: Setting CVar [[r.RayTracing.UseTextureLod:0]]
[2021.01.10-21.46.31:003][  0]LogConfig: Setting CVar [[r.SupportStationarySkylight:1]]
[2021.01.10-21.46.31:003][  0]LogConfig: Setting CVar [[r.SupportLowQualityLightmaps:1]]
[2021.01.10-21.46.31:003][  0]LogConfig: Setting CVar [[r.SupportPointLightWholeSceneShadows:1]]
[2021.01.10-21.46.31:003][  0]LogConfig: Setting CVar [[r.SupportAtmosphericFog:1]]
[2021.01.10-21.46.31:003][  0]LogConfig: Setting CVar [[r.SupportSkyAtmosphere:1]]
[2021.01.10-21.46.31:003][  0]LogConfig: Setting CVar [[r.SupportSkyAtmosphereAffectsHeightFog:0]]
[2021.01.10-21.46.31:003][  0]LogConfig: Setting CVar [[r.SkinCache.CompileShaders:0]]
[2021.01.10-21.46.31:003][  0]LogConfig: Setting CVar [[r.SkinCache.DefaultBehavior:1]]
[2021.01.10-21.46.31:003][  0]LogConfig: Setting CVar [[r.SkinCache.SceneMemoryLimitInMB:128.000000]]
[2021.01.10-21.46.31:003][  0]LogConfig: Setting CVar [[r.Mobile.EnableStaticAndCSMShadowReceivers:1]]
[2021.01.10-21.46.31:003][  0]LogConfig: Setting CVar [[r.Mobile.EnableMovableLightCSMShaderCulling:1]]
[2021.01.10-21.46.31:004][  0]LogConfig: Setting CVar [[r.Mobile.AllowDistanceFieldShadows:1]]
[2021.01.10-21.46.31:004][  0]LogConfig: Setting CVar [[r.Mobile.AllowMovableDirectionalLights:1]]
[2021.01.10-21.46.31:004][  0]LogConfig: Setting CVar [[r.MobileNumDynamicPointLights:4]]
[2021.01.10-21.46.31:004][  0]LogConfig: Setting CVar [[r.MobileDynamicPointLightsUseStaticBranch:1]]
[2021.01.10-21.46.31:004][  0]LogConfig: Setting CVar [[r.Mobile.EnableMovableSpotlights:0]]
[2021.01.10-21.46.31:004][  0]LogConfig: Setting CVar [[r.GPUSkin.Support16BitBoneIndex:0]]
[2021.01.10-21.46.31:004][  0]LogConfig: Setting CVar [[r.GPUSkin.Limit2BoneInfluences:0]]
[2021.01.10-21.46.31:004][  0]LogConfig: Setting CVar [[r.SupportDepthOnlyIndexBuffers:1]]
[2021.01.10-21.46.31:004][  0]LogConfig: Setting CVar [[r.SupportReversedIndexBuffers:1]]
[2021.01.10-21.46.31:004][  0]LogConfig: Setting CVar [[r.SupportMaterialLayers:0]]
[2021.01.10-21.46.31:004][  0]LogConfig: Setting CVar [[r.LightPropagationVolume:0]]
[2021.01.10-21.46.31:004][  0]LogConfig: Applying CVar settings from Section [/Script/Engine.RendererOverrideSettings] File [C:/Users/Nick/Documents/Unreal Projects/EndlessRunnerProj/Saved/Config/Windows/Engine.ini]
[2021.01.10-21.46.31:004][  0]LogConfig: Applying CVar settings from Section [/Script/Engine.StreamingSettings] File [C:/Users/Nick/Documents/Unreal Projects/EndlessRunnerProj/Saved/Config/Windows/Engine.ini]
[2021.01.10-21.46.31:004][  0]LogConfig: Setting CVar [[s.MinBulkDataSizeForAsyncLoading:131072]]
[2021.01.10-21.46.31:004][  0]LogConfig: Setting CVar [[s.AsyncLoadingThreadEnabled:0]]
[2021.01.10-21.46.31:004][  0]LogConfig: Setting CVar [[s.EventDrivenLoaderEnabled:1]]
[2021.01.10-21.46.31:004][  0]LogConfig: Setting CVar [[s.WarnIfTimeLimitExceeded:0]]
[2021.01.10-21.46.31:004][  0]LogConfig: Setting CVar [[s.TimeLimitExceededMultiplier:1.5]]
[2021.01.10-21.46.31:004][  0]LogConfig: Setting CVar [[s.TimeLimitExceededMinTime:0.005]]
[2021.01.10-21.46.31:004][  0]LogConfig: Setting CVar [[s.UseBackgroundLevelStreaming:1]]
[2021.01.10-21.46.31:004][  0]LogConfig: Setting CVar [[s.PriorityAsyncLoadingExtraTime:15.0]]
[2021.01.10-21.46.31:004][  0]LogConfig: Setting CVar [[s.LevelStreamingActorsUpdateTimeLimit:5.0]]
[2021.01.10-21.46.31:004][  0]LogConfig: Setting CVar [[s.PriorityLevelStreamingActorsUpdateExtraTime:5.0]]
[2021.01.10-21.46.31:004][  0]LogConfig: Setting CVar [[s.LevelStreamingComponentsRegistrationGranularity:10]]
[2021.01.10-21.46.31:004][  0]LogConfig: Setting CVar [[s.UnregisterComponentsTimeLimit:1.0]]
[2021.01.10-21.46.31:004][  0]LogConfig: Setting CVar [[s.LevelStreamingComponentsUnregistrationGranularity:5]]
[2021.01.10-21.46.31:004][  0]LogConfig: Setting CVar [[s.FlushStreamingOnExit:1]]
[2021.01.10-21.46.31:004][  0]LogConfig: Applying CVar settings from Section [/Script/Engine.GarbageCollectionSettings] File [C:/Users/Nick/Documents/Unreal Projects/EndlessRunnerProj/Saved/Config/Windows/Engine.ini]
[2021.01.10-21.46.31:004][  0]LogConfig: Setting CVar [[gc.MaxObjectsNotConsideredByGC:1]]
[2021.01.10-21.46.31:004][  0]LogConfig: Setting CVar [[gc.SizeOfPermanentObjectPool:0]]
[2021.01.10-21.46.31:004][  0]LogConfig: Setting CVar [[gc.FlushStreamingOnGC:0]]
[2021.01.10-21.46.31:004][  0]LogConfig: Setting CVar [[gc.NumRetriesBeforeForcingGC:10]]
[2021.01.10-21.46.31:004][  0]LogConfig: Setting CVar [[gc.AllowParallelGC:1]]
[2021.01.10-21.46.31:004][  0]LogConfig: Setting CVar [[gc.TimeBetweenPurgingPendingKillObjects:61.1]]
[2021.01.10-21.46.31:004][  0]LogConfig: Setting CVar [[gc.MaxObjectsInEditor:25165824]]
[2021.01.10-21.46.31:004][  0]LogConfig: Setting CVar [[gc.IncrementalBeginDestroyEnabled:1]]
[2021.01.10-21.46.31:004][  0]LogConfig: Setting CVar [[gc.CreateGCClusters:1]]
[2021.01.10-21.46.31:004][  0]LogConfig: Setting CVar [[gc.MinGCClusterSize:5]]
[2021.01.10-21.46.31:004][  0]LogConfig: Setting CVar [[gc.ActorClusteringEnabled:0]]
[2021.01.10-21.46.31:004][  0]LogConfig: Setting CVar [[gc.BlueprintClusteringEnabled:0]]
[2021.01.10-21.46.31:004][  0]LogConfig: Setting CVar [[gc.UseDisregardForGCOnDedicatedServers:0]]
[2021.01.10-21.46.31:004][  0]LogConfig: Applying CVar settings from Section [/Script/Engine.NetworkSettings] File [C:/Users/Nick/Documents/Unreal Projects/EndlessRunnerProj/Saved/Config/Windows/Engine.ini]
[2021.01.10-21.46.31:004][  0]LogConfig: Applying CVar settings from Section [/Script/UnrealEd.CookerSettings] File [C:/Users/Nick/Documents/Unreal Projects/EndlessRunnerProj/Saved/Config/Windows/Engine.ini]
[2021.01.10-21.46.31:007][  0]LogConfig: Applying CVar settings from Section [ViewDistanceQuality@3] File [C:/Users/Nick/Documents/Unreal Projects/EndlessRunnerProj/Saved/Config/Windows/Scalability.ini]
[2021.01.10-21.46.31:007][  0]LogConfig: Setting CVar [[r.SkeletalMeshLODBias:0]]
[2021.01.10-21.46.31:007][  0]LogConfig: Setting CVar [[r.ViewDistanceScale:1.0]]
[2021.01.10-21.46.31:007][  0]LogConfig: Applying CVar settings from Section [AntiAliasingQuality@3] File [C:/Users/Nick/Documents/Unreal Projects/EndlessRunnerProj/Saved/Config/Windows/Scalability.ini]
[2021.01.10-21.46.31:007][  0]LogConfig: Setting CVar [[r.PostProcessAAQuality:4]]
[2021.01.10-21.46.31:007][  0]LogConfig: Applying CVar settings from Section [ShadowQuality@3] File [C:/Users/Nick/Documents/Unreal Projects/EndlessRunnerProj/Saved/Config/Windows/Scalability.ini]
[2021.01.10-21.46.31:007][  0]LogConfig: Setting CVar [[r.LightFunctionQuality:1]]
[2021.01.10-21.46.31:007][  0]LogConfig: Setting CVar [[r.ShadowQuality:5]]
[2021.01.10-21.46.31:007][  0]LogConfig: Setting CVar [[r.Shadow.CSM.MaxCascades:10]]
[2021.01.10-21.46.31:007][  0]LogConfig: Setting CVar [[r.Shadow.MaxResolution:2048]]
[2021.01.10-21.46.31:007][  0]LogConfig: Setting CVar [[r.Shadow.MaxCSMResolution:2048]]
[2021.01.10-21.46.31:007][  0]LogConfig: Setting CVar [[r.Shadow.RadiusThreshold:0.01]]
[2021.01.10-21.46.31:007][  0]LogConfig: Setting CVar [[r.Shadow.DistanceScale:1.0]]
[2021.01.10-21.46.31:007][  0]LogConfig: Setting CVar [[r.Shadow.CSM.TransitionScale:1.0]]
[2021.01.10-21.46.31:007][  0]LogConfig: Setting CVar [[r.Shadow.PreShadowResolutionFactor:1.0]]
[2021.01.10-21.46.31:007][  0]LogConfig: Setting CVar [[r.DistanceFieldShadowing:1]]
[2021.01.10-21.46.31:007][  0]LogConfig: Setting CVar [[r.DistanceFieldAO:1]]
[2021.01.10-21.46.31:007][  0]LogConfig: Setting CVar [[r.AOQuality:2]]
[2021.01.10-21.46.31:007][  0]LogConfig: Setting CVar [[r.VolumetricFog:1]]
[2021.01.10-21.46.31:007][  0]LogConfig: Setting CVar [[r.VolumetricFog.GridPixelSize:8]]
[2021.01.10-21.46.31:007][  0]LogConfig: Setting CVar [[r.VolumetricFog.GridSizeZ:128]]
[2021.01.10-21.46.31:007][  0]LogConfig: Setting CVar [[r.VolumetricFog.HistoryMissSupersampleCount:4]]
[2021.01.10-21.46.31:007][  0]LogConfig: Setting CVar [[r.LightMaxDrawDistanceScale:1]]
[2021.01.10-21.46.31:007][  0]LogConfig: Setting CVar [[r.CapsuleShadows:1]]
[2021.01.10-21.46.31:007][  0]LogConfig: Applying CVar settings from Section [PostProcessQuality@3] File [C:/Users/Nick/Documents/Unreal Projects/EndlessRunnerProj/Saved/Config/Windows/Scalability.ini]
[2021.01.10-21.46.31:007][  0]LogConfig: Setting CVar [[r.MotionBlurQuality:4]]
[2021.01.10-21.46.31:007][  0]LogConfig: Setting CVar [[r.AmbientOcclusionMipLevelFactor:0.4]]
[2021.01.10-21.46.31:007][  0]LogConfig: Setting CVar [[r.AmbientOcclusionMaxQuality:100]]
[2021.01.10-21.46.31:007][  0]LogConfig: Setting CVar [[r.AmbientOcclusionLevels:-1]]
[2021.01.10-21.46.31:007][  0]LogConfig: Setting CVar [[r.AmbientOcclusionRadiusScale:1.0]]
[2021.01.10-21.46.31:007][  0]LogConfig: Setting CVar [[r.DepthOfFieldQuality:2]]
[2021.01.10-21.46.31:007][  0]LogConfig: Setting CVar [[r.RenderTargetPoolMin:400]]
[2021.01.10-21.46.31:007][  0]LogConfig: Setting CVar [[r.LensFlareQuality:2]]
[2021.01.10-21.46.31:007][  0]LogConfig: Setting CVar [[r.SceneColorFringeQuality:1]]
[2021.01.10-21.46.31:007][  0]LogConfig: Setting CVar [[r.EyeAdaptationQuality:2]]
[2021.01.10-21.46.31:007][  0]LogConfig: Setting CVar [[r.BloomQuality:5]]
[2021.01.10-21.46.31:007][  0]LogConfig: Setting CVar [[r.FastBlurThreshold:100]]
[2021.01.10-21.46.31:007][  0]LogConfig: Setting CVar [[r.Upscale.Quality:3]]
[2021.01.10-21.46.31:007][  0]LogConfig: Setting CVar [[r.Tonemapper.GrainQuantization:1]]
[2021.01.10-21.46.31:007][  0]LogConfig: Setting CVar [[r.LightShaftQuality:1]]
[2021.01.10-21.46.31:007][  0]LogConfig: Setting CVar [[r.Filter.SizeScale:1]]
[2021.01.10-21.46.31:007][  0]LogConfig: Setting CVar [[r.Tonemapper.Quality:5]]
[2021.01.10-21.46.31:007][  0]LogConfig: Setting CVar [[r.DOF.Gather.AccumulatorQuality:1        ; higher gathering accumulator quality]]
[2021.01.10-21.46.31:007][  0]LogConfig: Setting CVar [[r.DOF.Gather.PostfilterMethod:1          ; Median3x3 postfilering method]]
[2021.01.10-21.46.31:007][  0]LogConfig: Setting CVar [[r.DOF.Gather.EnableBokehSettings:0       ; no bokeh simulation when gathering]]
[2021.01.10-21.46.31:007][  0]LogConfig: Setting CVar [[r.DOF.Gather.RingCount:4                 ; medium number of samples when gathering]]
[2021.01.10-21.46.31:007][  0]LogConfig: Setting CVar [[r.DOF.Scatter.ForegroundCompositing:1    ; additive foreground scattering]]
[2021.01.10-21.46.31:007][  0]LogConfig: Setting CVar [[r.DOF.Scatter.BackgroundCompositing:2    ; additive background scattering]]
[2021.01.10-21.46.31:007][  0]LogConfig: Setting CVar [[r.DOF.Scatter.EnableBokehSettings:1      ; bokeh simulation when scattering]]
[2021.01.10-21.46.31:007][  0]LogConfig: Setting CVar [[r.DOF.Scatter.MaxSpriteRatio:0.1         ; only a maximum of 10% of scattered bokeh]]
[2021.01.10-21.46.31:007][  0]LogConfig: Setting CVar [[r.DOF.Recombine.Quality:1                ; cheap slight out of focus]]
[2021.01.10-21.46.31:007][  0]LogConfig: Setting CVar [[r.DOF.Recombine.EnableBokehSettings:0    ; no bokeh simulation on slight out of focus]]
[2021.01.10-21.46.31:007][  0]LogConfig: Setting CVar [[r.DOF.TemporalAAQuality:1                ; more stable temporal accumulation]]
[2021.01.10-21.46.31:007][  0]LogConfig: Setting CVar [[r.DOF.Kernel.MaxForegroundRadius:0.025]]
[2021.01.10-21.46.31:007][  0]LogConfig: Setting CVar [[r.DOF.Kernel.MaxBackgroundRadius:0.025]]
[2021.01.10-21.46.31:007][  0]LogConfig: Applying CVar settings from Section [TextureQuality@3] File [C:/Users/Nick/Documents/Unreal Projects/EndlessRunnerProj/Saved/Config/Windows/Scalability.ini]
[2021.01.10-21.46.31:007][  0]LogConfig: Setting CVar [[r.Streaming.MipBias:0]]
[2021.01.10-21.46.31:007][  0]LogConfig: Setting CVar [[r.Streaming.AmortizeCPUToGPUCopy:0]]
[2021.01.10-21.46.31:007][  0]LogConfig: Setting CVar [[r.Streaming.MaxNumTexturesToStreamPerFrame:0]]
[2021.01.10-21.46.31:007][  0]LogConfig: Setting CVar [[r.Streaming.Boost:1]]
[2021.01.10-21.46.31:007][  0]LogConfig: Setting CVar [[r.MaxAnisotropy:8]]
[2021.01.10-21.46.31:007][  0]LogConfig: Setting CVar [[r.VT.MaxAnisotropy:8]]
[2021.01.10-21.46.31:007][  0]LogConfig: Setting CVar [[r.Streaming.LimitPoolSizeToVRAM:0]]
[2021.01.10-21.46.31:007][  0]LogConfig: Setting CVar [[r.Streaming.PoolSize:1000]]
[2021.01.10-21.46.31:007][  0]LogConfig: Setting CVar [[r.Streaming.MaxEffectiveScreenSize:0]]
[2021.01.10-21.46.31:007][  0]LogConfig: Applying CVar settings from Section [EffectsQuality@3] File [C:/Users/Nick/Documents/Unreal Projects/EndlessRunnerProj/Saved/Config/Windows/Scalability.ini]
[2021.01.10-21.46.31:007][  0]LogConfig: Setting CVar [[r.TranslucencyLightingVolumeDim:64]]
[2021.01.10-21.46.31:007][  0]LogConfig: Setting CVar [[r.RefractionQuality:2]]
[2021.01.10-21.46.31:007][  0]LogConfig: Setting CVar [[r.SSR.Quality:3]]
[2021.01.10-21.46.31:008][  0]LogConfig: Setting CVar [[r.SSR.HalfResSceneColor:0]]
[2021.01.10-21.46.31:008][  0]LogConfig: Setting CVar [[r.SceneColorFormat:4]]
[2021.01.10-21.46.31:008][  0]LogConfig: Setting CVar [[r.DetailMode:2]]
[2021.01.10-21.46.31:008][  0]LogConfig: Setting CVar [[r.TranslucencyVolumeBlur:1]]
[2021.01.10-21.46.31:008][  0]LogConfig: Setting CVar [[r.MaterialQualityLevel:1 ; High quality]]
[2021.01.10-21.46.31:008][  0]LogConfig: Setting CVar [[r.SSS.Scale:1]]
[2021.01.10-21.46.31:008][  0]LogConfig: Setting CVar [[r.SSS.SampleSet:2]]
[2021.01.10-21.46.31:008][  0]LogConfig: Setting CVar [[r.SSS.Quality:1]]
[2021.01.10-21.46.31:008][  0]LogConfig: Setting CVar [[r.SSS.HalfRes:0]]
[2021.01.10-21.46.31:008][  0]LogConfig: Setting CVar [[r.SSGI.Quality:3]]
[2021.01.10-21.46.31:008][  0]LogConfig: Setting CVar [[r.EmitterSpawnRateScale:1.0]]
[2021.01.10-21.46.31:008][  0]LogConfig: Setting CVar [[r.ParticleLightQuality:2]]
[2021.01.10-21.46.31:008][  0]LogConfig: Setting CVar [[r.SkyAtmosphere.AerialPerspectiveLUT.FastApplyOnOpaque:1 ; Always have FastSkyLUT 1 in this case to avoid wrong sky]]
[2021.01.10-21.46.31:008][  0]LogConfig: Setting CVar [[r.SkyAtmosphere.AerialPerspectiveLUT.SampleCountPerSlice:1]]
[2021.01.10-21.46.31:008][  0]LogConfig: Setting CVar [[r.SkyAtmosphere.AerialPerspectiveLUT.DepthResolution:16.0]]
[2021.01.10-21.46.31:008][  0]LogConfig: Setting CVar [[r.SkyAtmosphere.FastSkyLUT:1]]
[2021.01.10-21.46.31:008][  0]LogConfig: Setting CVar [[r.SkyAtmosphere.FastSkyLUT.SampleCountMin:4.0]]
[2021.01.10-21.46.31:008][  0]LogConfig: Setting CVar [[r.SkyAtmosphere.FastSkyLUT.SampleCountMax:32.0]]
[2021.01.10-21.46.31:008][  0]LogConfig: Setting CVar [[r.SkyAtmosphere.SampleCountMin:4.0]]
[2021.01.10-21.46.31:008][  0]LogConfig: Setting CVar [[r.SkyAtmosphere.SampleCountMax:32.0]]
[2021.01.10-21.46.31:008][  0]LogConfig: Setting CVar [[r.SkyAtmosphere.TransmittanceLUT.UseSmallFormat:0]]
[2021.01.10-21.46.31:008][  0]LogConfig: Setting CVar [[r.SkyAtmosphere.TransmittanceLUT.SampleCount:10.0]]
[2021.01.10-21.46.31:008][  0]LogConfig: Setting CVar [[r.SkyAtmosphere.MultiScatteringLUT.SampleCount:15.0]]
[2021.01.10-21.46.31:008][  0]LogConfig: Applying CVar settings from Section [FoliageQuality@3] File [C:/Users/Nick/Documents/Unreal Projects/EndlessRunnerProj/Saved/Config/Windows/Scalability.ini]
[2021.01.10-21.46.31:008][  0]LogConfig: Setting CVar [[foliage.DensityScale:1.0]]
[2021.01.10-21.46.31:008][  0]LogConfig: Setting CVar [[grass.DensityScale:1.0]]
[2021.01.10-21.46.31:008][  0]LogConfig: Applying CVar settings from Section [ShadingQuality@3] File [C:/Users/Nick/Documents/Unreal Projects/EndlessRunnerProj/Saved/Config/Windows/Scalability.ini]
[2021.01.10-21.46.31:008][  0]LogConfig: Setting CVar [[r.HairStrands.SkyLighting.SampleCount:16]]
[2021.01.10-21.46.31:008][  0]LogConfig: Setting CVar [[r.HairStrands.SkyLighting.JitterIntegration:0]]
[2021.01.10-21.46.31:008][  0]LogConfig: Setting CVar [[r.HairStrands.SkyAO.SampleCount:16]]
[2021.01.10-21.46.31:008][  0]LogConfig: Setting CVar [[r.HairStrands.DeepShadow.SuperSampling:0]]
[2021.01.10-21.46.31:008][  0]LogConfig: Setting CVar [[r.HairStrands.VisibilityPPLL:0]]
[2021.01.10-21.46.31:008][  0]LogConfig: Setting CVar [[r.HairStrands.RasterizationScale:0.5]]
[2021.01.10-21.46.31:008][  0]LogConfig: Setting CVar [[r.HairStrands.VelocityRasterizationScale:1]]
[2021.01.10-21.46.31:008][  0]LogInit: Selected Device Profile: [Windows]
[2021.01.10-21.46.31:008][  0]LogInit: Applying CVar settings loaded from the selected device profile: [Windows]
[2021.01.10-21.46.31:008][  0]LogHAL: Display: Platform has ~ 32 GB [34224242688 / 34359738368 / 32], which maps to Largest [LargestMinGB=32, LargerMinGB=12, DefaultMinGB=8, SmallerMinGB=6, SmallestMinGB=0)
[2021.01.10-21.46.31:008][  0]LogInit: Going up to parent DeviceProfile []
[2021.01.10-21.46.31:008][  0]LogConfig: Applying CVar settings from Section [ViewDistanceQuality@3] File [C:/Users/Nick/Documents/Unreal Projects/EndlessRunnerProj/Saved/Config/Windows/Scalability.ini]
[2021.01.10-21.46.31:008][  0]LogConfig: Setting CVar [[r.SkeletalMeshLODBias:0]]
[2021.01.10-21.46.31:008][  0]LogConfig: Setting CVar [[r.ViewDistanceScale:1.0]]
[2021.01.10-21.46.31:008][  0]LogConfig: Applying CVar settings from Section [AntiAliasingQuality@3] File [C:/Users/Nick/Documents/Unreal Projects/EndlessRunnerProj/Saved/Config/Windows/Scalability.ini]
[2021.01.10-21.46.31:008][  0]LogConfig: Setting CVar [[r.PostProcessAAQuality:4]]
[2021.01.10-21.46.31:008][  0]LogConfig: Applying CVar settings from Section [ShadowQuality@3] File [C:/Users/Nick/Documents/Unreal Projects/EndlessRunnerProj/Saved/Config/Windows/Scalability.ini]
[2021.01.10-21.46.31:008][  0]LogConfig: Setting CVar [[r.LightFunctionQuality:1]]
[2021.01.10-21.46.31:008][  0]LogConfig: Setting CVar [[r.ShadowQuality:5]]
[2021.01.10-21.46.31:008][  0]LogConfig: Setting CVar [[r.Shadow.CSM.MaxCascades:10]]
[2021.01.10-21.46.31:008][  0]LogConfig: Setting CVar [[r.Shadow.MaxResolution:2048]]
[2021.01.10-21.46.31:008][  0]LogConfig: Setting CVar [[r.Shadow.MaxCSMResolution:2048]]
[2021.01.10-21.46.31:008][  0]LogConfig: Setting CVar [[r.Shadow.RadiusThreshold:0.01]]
[2021.01.10-21.46.31:008][  0]LogConfig: Setting CVar [[r.Shadow.DistanceScale:1.0]]
[2021.01.10-21.46.31:008][  0]LogConfig: Setting CVar [[r.Shadow.CSM.TransitionScale:1.0]]
[2021.01.10-21.46.31:008][  0]LogConfig: Setting CVar [[r.Shadow.PreShadowResolutionFactor:1.0]]
[2021.01.10-21.46.31:008][  0]LogConfig: Setting CVar [[r.DistanceFieldShadowing:1]]
[2021.01.10-21.46.31:008][  0]LogConfig: Setting CVar [[r.DistanceFieldAO:1]]
[2021.01.10-21.46.31:008][  0]LogConfig: Setting CVar [[r.AOQuality:2]]
[2021.01.10-21.46.31:008][  0]LogConfig: Setting CVar [[r.VolumetricFog:1]]
[2021.01.10-21.46.31:008][  0]LogConfig: Setting CVar [[r.VolumetricFog.GridPixelSize:8]]
[2021.01.10-21.46.31:008][  0]LogConfig: Setting CVar [[r.VolumetricFog.GridSizeZ:128]]
[2021.01.10-21.46.31:008][  0]LogConfig: Setting CVar [[r.VolumetricFog.HistoryMissSupersampleCount:4]]
[2021.01.10-21.46.31:008][  0]LogConfig: Setting CVar [[r.LightMaxDrawDistanceScale:1]]
[2021.01.10-21.46.31:008][  0]LogConfig: Setting CVar [[r.CapsuleShadows:1]]
[2021.01.10-21.46.31:008][  0]LogConfig: Applying CVar settings from Section [PostProcessQuality@3] File [C:/Users/Nick/Documents/Unreal Projects/EndlessRunnerProj/Saved/Config/Windows/Scalability.ini]
[2021.01.10-21.46.31:008][  0]LogConfig: Setting CVar [[r.MotionBlurQuality:4]]
[2021.01.10-21.46.31:008][  0]LogConfig: Setting CVar [[r.AmbientOcclusionMipLevelFactor:0.4]]
[2021.01.10-21.46.31:009][  0]LogConfig: Setting CVar [[r.AmbientOcclusionMaxQuality:100]]
[2021.01.10-21.46.31:009][  0]LogConfig: Setting CVar [[r.AmbientOcclusionLevels:-1]]
[2021.01.10-21.46.31:009][  0]LogConfig: Setting CVar [[r.AmbientOcclusionRadiusScale:1.0]]
[2021.01.10-21.46.31:009][  0]LogConfig: Setting CVar [[r.DepthOfFieldQuality:2]]
[2021.01.10-21.46.31:009][  0]LogConfig: Setting CVar [[r.RenderTargetPoolMin:400]]
[2021.01.10-21.46.31:009][  0]LogConfig: Setting CVar [[r.LensFlareQuality:2]]
[2021.01.10-21.46.31:009][  0]LogConfig: Setting CVar [[r.SceneColorFringeQuality:1]]
[2021.01.10-21.46.31:009][  0]LogConfig: Setting CVar [[r.EyeAdaptationQuality:2]]
[2021.01.10-21.46.31:009][  0]LogConfig: Setting CVar [[r.BloomQuality:5]]
[2021.01.10-21.46.31:009][  0]LogConfig: Setting CVar [[r.FastBlurThreshold:100]]
[2021.01.10-21.46.31:009][  0]LogConfig: Setting CVar [[r.Upscale.Quality:3]]
[2021.01.10-21.46.31:009][  0]LogConfig: Setting CVar [[r.Tonemapper.GrainQuantization:1]]
[2021.01.10-21.46.31:009][  0]LogConfig: Setting CVar [[r.LightShaftQuality:1]]
[2021.01.10-21.46.31:009][  0]LogConfig: Setting CVar [[r.Filter.SizeScale:1]]
[2021.01.10-21.46.31:009][  0]LogConfig: Setting CVar [[r.Tonemapper.Quality:5]]
[2021.01.10-21.46.31:009][  0]LogConfig: Setting CVar [[r.DOF.Gather.AccumulatorQuality:1        ; higher gathering accumulator quality]]
[2021.01.10-21.46.31:009][  0]LogConfig: Setting CVar [[r.DOF.Gather.PostfilterMethod:1          ; Median3x3 postfilering method]]
[2021.01.10-21.46.31:009][  0]LogConfig: Setting CVar [[r.DOF.Gather.EnableBokehSettings:0       ; no bokeh simulation when gathering]]
[2021.01.10-21.46.31:009][  0]LogConfig: Setting CVar [[r.DOF.Gather.RingCount:4                 ; medium number of samples when gathering]]
[2021.01.10-21.46.31:009][  0]LogConfig: Setting CVar [[r.DOF.Scatter.ForegroundCompositing:1    ; additive foreground scattering]]
[2021.01.10-21.46.31:009][  0]LogConfig: Setting CVar [[r.DOF.Scatter.BackgroundCompositing:2    ; additive background scattering]]
[2021.01.10-21.46.31:009][  0]LogConfig: Setting CVar [[r.DOF.Scatter.EnableBokehSettings:1      ; bokeh simulation when scattering]]
[2021.01.10-21.46.31:009][  0]LogConfig: Setting CVar [[r.DOF.Scatter.MaxSpriteRatio:0.1         ; only a maximum of 10% of scattered bokeh]]
[2021.01.10-21.46.31:009][  0]LogConfig: Setting CVar [[r.DOF.Recombine.Quality:1                ; cheap slight out of focus]]
[2021.01.10-21.46.31:009][  0]LogConfig: Setting CVar [[r.DOF.Recombine.EnableBokehSettings:0    ; no bokeh simulation on slight out of focus]]
[2021.01.10-21.46.31:009][  0]LogConfig: Setting CVar [[r.DOF.TemporalAAQuality:1                ; more stable temporal accumulation]]
[2021.01.10-21.46.31:009][  0]LogConfig: Setting CVar [[r.DOF.Kernel.MaxForegroundRadius:0.025]]
[2021.01.10-21.46.31:009][  0]LogConfig: Setting CVar [[r.DOF.Kernel.MaxBackgroundRadius:0.025]]
[2021.01.10-21.46.31:009][  0]LogConfig: Applying CVar settings from Section [TextureQuality@3] File [C:/Users/Nick/Documents/Unreal Projects/EndlessRunnerProj/Saved/Config/Windows/Scalability.ini]
[2021.01.10-21.46.31:009][  0]LogConfig: Setting CVar [[r.Streaming.MipBias:0]]
[2021.01.10-21.46.31:009][  0]LogConfig: Setting CVar [[r.Streaming.AmortizeCPUToGPUCopy:0]]
[2021.01.10-21.46.31:009][  0]LogConfig: Setting CVar [[r.Streaming.MaxNumTexturesToStreamPerFrame:0]]
[2021.01.10-21.46.31:009][  0]LogConfig: Setting CVar [[r.Streaming.Boost:1]]
[2021.01.10-21.46.31:009][  0]LogConfig: Setting CVar [[r.MaxAnisotropy:8]]
[2021.01.10-21.46.31:009][  0]LogConfig: Setting CVar [[r.VT.MaxAnisotropy:8]]
[2021.01.10-21.46.31:009][  0]LogConfig: Setting CVar [[r.Streaming.LimitPoolSizeToVRAM:0]]
[2021.01.10-21.46.31:009][  0]LogConfig: Setting CVar [[r.Streaming.PoolSize:1000]]
[2021.01.10-21.46.31:009][  0]LogConfig: Setting CVar [[r.Streaming.MaxEffectiveScreenSize:0]]
[2021.01.10-21.46.31:009][  0]LogConfig: Applying CVar settings from Section [EffectsQuality@3] File [C:/Users/Nick/Documents/Unreal Projects/EndlessRunnerProj/Saved/Config/Windows/Scalability.ini]
[2021.01.10-21.46.31:009][  0]LogConfig: Setting CVar [[r.TranslucencyLightingVolumeDim:64]]
[2021.01.10-21.46.31:009][  0]LogConfig: Setting CVar [[r.RefractionQuality:2]]
[2021.01.10-21.46.31:009][  0]LogConfig: Setting CVar [[r.SSR.Quality:3]]
[2021.01.10-21.46.31:009][  0]LogConfig: Setting CVar [[r.SSR.HalfResSceneColor:0]]
[2021.01.10-21.46.31:009][  0]LogConfig: Setting CVar [[r.SceneColorFormat:4]]
[2021.01.10-21.46.31:009][  0]LogConfig: Setting CVar [[r.DetailMode:2]]
[2021.01.10-21.46.31:009][  0]LogConfig: Setting CVar [[r.TranslucencyVolumeBlur:1]]
[2021.01.10-21.46.31:009][  0]LogConfig: Setting CVar [[r.MaterialQualityLevel:1 ; High quality]]
[2021.01.10-21.46.31:009][  0]LogConfig: Setting CVar [[r.SSS.Scale:1]]
[2021.01.10-21.46.31:009][  0]LogConfig: Setting CVar [[r.SSS.SampleSet:2]]
[2021.01.10-21.46.31:009][  0]LogConfig: Setting CVar [[r.SSS.Quality:1]]
[2021.01.10-21.46.31:009][  0]LogConfig: Setting CVar [[r.SSS.HalfRes:0]]
[2021.01.10-21.46.31:009][  0]LogConfig: Setting CVar [[r.SSGI.Quality:3]]
[2021.01.10-21.46.31:009][  0]LogConfig: Setting CVar [[r.EmitterSpawnRateScale:1.0]]
[2021.01.10-21.46.31:009][  0]LogConfig: Setting CVar [[r.ParticleLightQuality:2]]
[2021.01.10-21.46.31:009][  0]LogConfig: Setting CVar [[r.SkyAtmosphere.AerialPerspectiveLUT.FastApplyOnOpaque:1 ; Always have FastSkyLUT 1 in this case to avoid wrong sky]]
[2021.01.10-21.46.31:009][  0]LogConfig: Setting CVar [[r.SkyAtmosphere.AerialPerspectiveLUT.SampleCountPerSlice:1]]
[2021.01.10-21.46.31:009][  0]LogConfig: Setting CVar [[r.SkyAtmosphere.AerialPerspectiveLUT.DepthResolution:16.0]]
[2021.01.10-21.46.31:009][  0]LogConfig: Setting CVar [[r.SkyAtmosphere.FastSkyLUT:1]]
[2021.01.10-21.46.31:009][  0]LogConfig: Setting CVar [[r.SkyAtmosphere.FastSkyLUT.SampleCountMin:4.0]]
[2021.01.10-21.46.31:009][  0]LogConfig: Setting CVar [[r.SkyAtmosphere.FastSkyLUT.SampleCountMax:32.0]]
[2021.01.10-21.46.31:009][  0]LogConfig: Setting CVar [[r.SkyAtmosphere.SampleCountMin:4.0]]
[2021.01.10-21.46.31:009][  0]LogConfig: Setting CVar [[r.SkyAtmosphere.SampleCountMax:32.0]]
[2021.01.10-21.46.31:009][  0]LogConfig: Setting CVar [[r.SkyAtmosphere.TransmittanceLUT.UseSmallFormat:0]]
[2021.01.10-21.46.31:009][  0]LogConfig: Setting CVar [[r.SkyAtmosphere.TransmittanceLUT.SampleCount:10.0]]
[2021.01.10-21.46.31:009][  0]LogConfig: Setting CVar [[r.SkyAtmosphere.MultiScatteringLUT.SampleCount:15.0]]
[2021.01.10-21.46.31:009][  0]LogConfig: Applying CVar settings from Section [FoliageQuality@3] File [C:/Users/Nick/Documents/Unreal Projects/EndlessRunnerProj/Saved/Config/Windows/Scalability.ini]
[2021.01.10-21.46.31:009][  0]LogConfig: Setting CVar [[foliage.DensityScale:1.0]]
[2021.01.10-21.46.31:009][  0]LogConfig: Setting CVar [[grass.DensityScale:1.0]]
[2021.01.10-21.46.31:009][  0]LogConfig: Applying CVar settings from Section [ShadingQuality@3] File [C:/Users/Nick/Documents/Unreal Projects/EndlessRunnerProj/Saved/Config/Windows/Scalability.ini]
[2021.01.10-21.46.31:009][  0]LogConfig: Setting CVar [[r.HairStrands.SkyLighting.SampleCount:16]]
[2021.01.10-21.46.31:009][  0]LogConfig: Setting CVar [[r.HairStrands.SkyLighting.JitterIntegration:0]]
[2021.01.10-21.46.31:009][  0]LogConfig: Setting CVar [[r.HairStrands.SkyAO.SampleCount:16]]
[2021.01.10-21.46.31:009][  0]LogConfig: Setting CVar [[r.HairStrands.DeepShadow.SuperSampling:0]]
[2021.01.10-21.46.31:009][  0]LogConfig: Setting CVar [[r.HairStrands.VisibilityPPLL:0]]
[2021.01.10-21.46.31:010][  0]LogConfig: Setting CVar [[r.HairStrands.RasterizationScale:0.5]]
[2021.01.10-21.46.31:010][  0]LogConfig: Setting CVar [[r.HairStrands.VelocityRasterizationScale:1]]
[2021.01.10-21.46.31:010][  0]LogConfig: Applying CVar settings from Section [Startup] File [../../../Engine/Config/ConsoleVariables.ini]
[2021.01.10-21.46.31:010][  0]LogConfig: Setting CVar [[net.UseAdaptiveNetUpdateFrequency:0]]
[2021.01.10-21.46.31:010][  0]LogConfig: Setting CVar [[p.chaos.AllowCreatePhysxBodies:1]]
[2021.01.10-21.46.31:010][  0]LogConfig: Setting CVar [[fx.SkipVectorVMBackendOptimizations:1]]
[2021.01.10-21.46.31:010][  0]LogConfig: Applying CVar settings from Section [ConsoleVariables] File [C:/Users/Nick/Documents/Unreal Projects/EndlessRunnerProj/Saved/Config/Windows/Engine.ini]
[2021.01.10-21.46.31:010][  0]LogInit: Computer: TERRAPC
[2021.01.10-21.46.31:010][  0]LogInit: User: Nick
[2021.01.10-21.46.31:010][  0]LogInit: CPU Page size=4096, Cores=24
[2021.01.10-21.46.31:010][  0]LogInit: High frequency timer resolution =10.000000 MHz
[2021.01.10-21.46.31:010][  0]LogMemory: Memory total: Physical=31.9GB (32GB approx)
[2021.01.10-21.46.31:010][  0]LogMemory: Platform Memory Stats for Windows
[2021.01.10-21.46.31:010][  0]LogMemory: Process Physical Memory: 120.15 MB used, 120.15 MB peak
[2021.01.10-21.46.31:010][  0]LogMemory: Process Virtual Memory: 110.29 MB used, 110.29 MB peak
[2021.01.10-21.46.31:010][  0]LogMemory: Physical Memory: 10765.30 MB used,  21873.48 MB free, 32638.78 MB total
[2021.01.10-21.46.31:010][  0]LogMemory: Virtual Memory: 5280.42 MB used,  134212448.00 MB free, 134217728.00 MB total
[2021.01.10-21.46.31:016][  0]LogWindows: WindowsPlatformFeatures enabled
[2021.01.10-21.46.31:066][  0]LogInit: Physics initialised using underlying interface: PhysX
[2021.01.10-21.46.31:066][  0]LogInit: Using OS detected language (ru-RU).
[2021.01.10-21.46.31:066][  0]LogInit: Using OS detected locale (ru-RU).
[2021.01.10-21.46.31:067][  0]LogTextLocalizationManager: No specific localization for 'ru-RU' exists, so the 'ru' localization will be used.
[2021.01.10-21.46.31:069][  0]LogTextLocalizationResource: LocRes '../../../Engine/Content/Localization/Editor/ru/Editor.locres' could not be opened for reading!
[2021.01.10-21.46.31:069][  0]LogTextLocalizationResource: LocRes '../../../Engine/Content/Localization/EditorTutorials/ru/EditorTutorials.locres' could not be opened for reading!
[2021.01.10-21.46.31:069][  0]LogTextLocalizationResource: LocRes '../../../Engine/Content/Localization/Keywords/ru/Keywords.locres' could not be opened for reading!
[2021.01.10-21.46.31:069][  0]LogTextLocalizationResource: LocRes '../../../Engine/Content/Localization/Category/ru/Category.locres' could not be opened for reading!
[2021.01.10-21.46.31:069][  0]LogTextLocalizationResource: LocRes '../../../Engine/Content/Localization/ToolTips/ru/ToolTips.locres' could not be opened for reading!
[2021.01.10-21.46.31:069][  0]LogTextLocalizationResource: LocRes '../../../Engine/Content/Localization/PropertyNames/ru/PropertyNames.locres' could not be opened for reading!
[2021.01.10-21.46.31:069][  0]LogTextLocalizationResource: LocRes '../../../Engine/Content/Localization/Engine/ru/Engine.locres' could not be opened for reading!
[2021.01.10-21.46.31:100][  0]LogSlate: New Slate User Created.  User Index 0, Is Virtual User: 0
[2021.01.10-21.46.31:100][  0]LogSlate: Slate User Registered.  User Index 0, Is Virtual User: 0
[2021.01.10-21.46.31:149][  0]LogHMD: Failed to initialize OpenVR with code 117
[2021.01.10-21.46.31:149][  0]LogD3D11RHI: D3D11 min allowed feature level: 11_0
[2021.01.10-21.46.31:149][  0]LogD3D11RHI: D3D11 max allowed feature level: 11_0
[2021.01.10-21.46.31:149][  0]LogD3D11RHI: D3D11 adapters:
[2021.01.10-21.46.31:261][  0]LogD3D11RHI:    0. 'NVIDIA GeForce GTX 1080' (Feature Level 11_0)
[2021.01.10-21.46.31:261][  0]LogD3D11RHI:       8079/0/16319 MB DedicatedVideo/DedicatedSystem/SharedSystem, Outputs:1, VendorId:0x10de
[2021.01.10-21.46.31:263][  0]LogD3D11RHI:    1. 'Microsoft Basic Render Driver' (Feature Level 11_0)
[2021.01.10-21.46.31:263][  0]LogD3D11RHI:       0/0/16319 MB DedicatedVideo/DedicatedSystem/SharedSystem, Outputs:0, VendorId:0x1414
[2021.01.10-21.46.31:361][  0]LogD3D11RHI:    2. 'NVIDIA GeForce GTX 1080' (Feature Level 11_0)
[2021.01.10-21.46.31:361][  0]LogD3D11RHI:       8079/0/16319 MB DedicatedVideo/DedicatedSystem/SharedSystem, Outputs:0, VendorId:0x10de
[2021.01.10-21.46.31:361][  0]LogD3D11RHI: Chosen D3D11 Adapter: 0
[2021.01.10-21.46.31:369][  0]LogD3D11RHI: Creating new Direct3DDevice
[2021.01.10-21.46.31:370][  0]LogD3D11RHI:     GPU DeviceId: 0x1b80 (for the marketing name, search the web for "GPU Device Id")
[2021.01.10-21.46.31:370][  0]LogWindows: EnumDisplayDevices:
[2021.01.10-21.46.31:370][  0]LogWindows:    0. 'NVIDIA GeForce GTX 1080' (P:1 D:1)
[2021.01.10-21.46.31:370][  0]LogWindows:    1. 'NVIDIA GeForce GTX 1080' (P:0 D:0)
[2021.01.10-21.46.31:370][  0]LogWindows:    2. 'NVIDIA GeForce GTX 1080' (P:0 D:0)
[2021.01.10-21.46.31:370][  0]LogWindows:    3. 'NVIDIA GeForce GTX 1080' (P:0 D:0)
[2021.01.10-21.46.31:371][  0]LogWindows:    4. 'SuperDisplay Virtual Adapter' (P:0 D:0)
[2021.01.10-21.46.31:371][  0]LogWindows: DebugString: GetVideoDriverDetailsInvalid PrimaryIsNotTheChoosenAdapter FoundDriverCount:4 
[2021.01.10-21.46.31:371][  0]LogD3D11RHI:     Adapter Name: NVIDIA GeForce GTX 1080
[2021.01.10-21.46.31:371][  0]LogD3D11RHI:   Driver Version: 460.89 (internal:27.21.14.6089, unified:460.89)
[2021.01.10-21.46.31:371][  0]LogD3D11RHI:      Driver Date: 12-11-2020
[2021.01.10-21.46.31:371][  0]LogRHI: Texture pool is 5655 MB (70% of 8079 MB)
[2021.01.10-21.46.31:453][  0]LogD3D11RHI: RHI has support for 64 bit atomics
[2021.01.10-21.46.31:453][  0]LogD3D11RHI: Async texture creation enabled
[2021.01.10-21.46.31:453][  0]LogD3D11RHI: Array index from any shader is supported
[2021.01.10-21.46.31:483][  0]LogD3D11RHI: GPU Timing Frequency: 1000.000000 (Debug: 2 1)
[2021.01.10-21.46.31:768][  0]LogTargetPlatformManager: Display: Loaded TargetPlatform 'WindowsNoEditor'
[2021.01.10-21.46.31:773][  0]LogTargetPlatformManager: Display: Loaded TargetPlatform 'Windows'
[2021.01.10-21.46.31:783][  0]LogTargetPlatformManager: Display: Loaded TargetPlatform 'WindowsClient'
[2021.01.10-21.46.31:793][  0]LogTargetPlatformManager: Display: Loaded TargetPlatform 'WindowsServer'
[2021.01.10-21.46.31:793][  0]LogTargetPlatformManager: Display: Building Assets For Windows
[2021.01.10-21.46.31:801][  0]LogAudioDebug: Display: Lib vorbis DLL was dynamically loaded.
[2021.01.10-21.46.31:856][  0]LogShaderCompilers: Guid format shader working directory is -28 characters bigger than the processId version (../../../../../../Users/Nick/Documents/Unreal Projects/EndlessRunnerProj/Intermediate/Shaders/WorkingDirectory/27380/).
[2021.01.10-21.46.31:856][  0]LogShaderCompilers: Cleaned the shader compiler working directory 'C:/Users/Nick/AppData/Local/Temp/UnrealShaderWorkingDir/A1B5A0A94EB6BE057CD07C842D12D232/'.
[2021.01.10-21.46.31:856][  0]LogXGEController: Cannot use XGE Controller as Incredibuild is not installed on this machine.
[2021.01.10-21.46.31:856][  0]LogShaderCompilers: Cannot use XGE Shader Compiler as Incredibuild is not installed on this machine.
[2021.01.10-21.46.31:856][  0]LogShaderCompilers: Display: Using Local Shader Compiler.
[2021.01.10-21.46.32:527][  0]LogDerivedDataCache: Display: Max Cache Size: 512 MB
[2021.01.10-21.46.32:573][  0]LogDerivedDataCache: Loaded boot cache 0.05s 97MB C:/Users/Nick/AppData/Local/UnrealEngine/4.25/DerivedDataCache/Boot.ddc.
[2021.01.10-21.46.32:573][  0]LogDerivedDataCache: Display: Loaded Boot cache: C:/Users/Nick/AppData/Local/UnrealEngine/4.25/DerivedDataCache/Boot.ddc
[2021.01.10-21.46.32:573][  0]LogDerivedDataCache: FDerivedDataBackendGraph:  Pak pak cache file ../../../../../../Users/Nick/Documents/Unreal Projects/EndlessRunnerProj/DerivedDataCache/DDC.ddp not found, will not use a pak cache.
[2021.01.10-21.46.32:573][  0]LogDerivedDataCache: Unable to find inner node Pak for hierarchical cache Hierarchy.
[2021.01.10-21.46.32:574][  0]LogDerivedDataCache: FDerivedDataBackendGraph:  CompressedPak pak cache file ../../../../../../Users/Nick/Documents/Unreal Projects/EndlessRunnerProj/DerivedDataCache/Compressed.ddp not found, will not use a pak cache.
[2021.01.10-21.46.32:574][  0]LogDerivedDataCache: Unable to find inner node CompressedPak for hierarchical cache Hierarchy.
[2021.01.10-21.46.32:584][  0]LogDerivedDataCache: Display: Pak cache opened for reading ../../../Engine/DerivedDataCache/Compressed.ddp.
[2021.01.10-21.46.32:584][  0]LogDerivedDataCache: FDerivedDataBackendGraph:  EnterprisePak pak cache file ../../../Enterprise/DerivedDataCache/Compressed.ddp not found, will not use a pak cache.
[2021.01.10-21.46.32:584][  0]LogDerivedDataCache: Unable to find inner node EnterprisePak for hierarchical cache Hierarchy.
[2021.01.10-21.46.32:585][  0]LogDerivedDataCache: Using Local data cache path C:/Users/Nick/AppData/Local/UnrealEngine/Common/DerivedDataCache: Writable
[2021.01.10-21.46.32:585][  0]LogDerivedDataCache: Shared data cache path not found in *engine.ini, will not use an Shared cache.
[2021.01.10-21.46.32:585][  0]LogDerivedDataCache: Unable to find inner node Shared for hierarchical cache Hierarchy.
[2021.01.10-21.46.32:597][  0]LogSlate: Using FreeType 2.10.0
[2021.01.10-21.46.32:597][  0]LogSlate: SlateFontServices - WITH_FREETYPE: 1, WITH_HARFBUZZ: 1
[2021.01.10-21.46.32:666][  0]LogInit: Using OS detected language (ru-RU).
[2021.01.10-21.46.32:666][  0]LogInit: Using OS detected locale (ru-RU).
[2021.01.10-21.46.32:666][  0]LogTextLocalizationManager: No localization for 'ru-RU' exists, so 'en' will be used for the language.
[2021.01.10-21.46.32:666][  0]LogTextLocalizationManager: No localization for 'ru-RU' exists, so 'en' will be used for the locale.
[2021.01.10-21.46.32:666][  0]LogSlate: FontCache flush requested. Reason: Culture for localization was changed
[2021.01.10-21.46.32:666][  0]LogSlate: FontCache flush requested. Reason: Culture for localization was changed
[2021.01.10-21.46.32:666][  0]LogTextLocalizationManager: Compacting localization data took   0.00ms
[2021.01.10-21.46.32:671][  0]LogAssetRegistry: FAssetRegistry took 0.0038 seconds to start up
[2021.01.10-21.46.32:853][  0]LogPackageLocalizationCache: Processed 19 localized package path(s) for 1 prioritized culture(s) in 0.000947 seconds
[2021.01.10-21.46.32:898][  0]LogInit: Selected Device Profile: [Windows]
[2021.01.10-21.46.32:987][  0]LogMeshReduction: Using QuadricMeshReduction for automatic static mesh reduction
[2021.01.10-21.46.32:987][  0]LogMeshReduction: Using SimplygonMeshReduction for automatic skeletal mesh reduction
[2021.01.10-21.46.32:987][  0]LogMeshReduction: Using ProxyLODMeshReduction for automatic mesh merging
[2021.01.10-21.46.32:987][  0]LogMeshReduction: No distributed automatic mesh merging module available
[2021.01.10-21.46.32:987][  0]LogMeshMerging: No distributed automatic mesh merging module available
[2021.01.10-21.46.33:000][  0]LogNetVersion: EndlessRunnerProj 1.0.0, NetCL: 13144385, EngineNetVer: 14, GameNetVer: 0 (Checksum: 3764010861)
[2021.01.10-21.46.33:227][  0]LogAISub: UAISubsystem::UAISubsystem AISubsystem (000001BD13B18FC0), frame # 0
[2021.01.10-21.46.33:227][  0]LogAISub: UAISubsystem::UAISubsystem AIPerceptionSystem (000001BD13A43C40), frame # 0
[2021.01.10-21.46.33:229][  0]LogAISub: UAISubsystem::UAISubsystem EnvQueryManager (000001BD13A5F000), frame # 0
[2021.01.10-21.46.33:311][  0]LogCollectionManager: Loaded 0 collections in 0.002639 seconds
[2021.01.10-21.46.33:313][  0]LogFileCache: Scanning file cache for directory 'C:/Users/Nick/Documents/Unreal Projects/EndlessRunnerProj/Saved/Collections/' took 0.00s
[2021.01.10-21.46.33:313][  0]LogFileCache: Scanning file cache for directory 'C:/Users/Nick/Documents/Unreal Projects/EndlessRunnerProj/Content/Developers/Nick/Collections/' took 0.00s
[2021.01.10-21.46.33:313][  0]LogFileCache: Scanning file cache for directory 'C:/Users/Nick/Documents/Unreal Projects/EndlessRunnerProj/Content/Collections/' took 0.00s
[2021.01.10-21.46.33:313][  0]LogCollectionManager: Fixed up redirectors for 0 collections in 0.000003 seconds (updated 0 objects)
[2021.01.10-21.46.33:369][  0]LogMoviePlayer: Initializing movie player
[2021.01.10-21.46.33:539][  0]LogTcpMessaging: Initializing TcpMessaging bridge
[2021.01.10-21.46.33:542][  0]LogUdpMessaging: Initializing bridge on interface 0.0.0.0:0 to multicast group 230.0.0.1:6666.
[2021.01.10-21.46.33:583][  0]SourceControl: Source control is disabled
[2021.01.10-21.46.33:583][  0]SourceControl: Source control is disabled
[2021.01.10-21.46.33:590][  0]SourceControl: Source control is disabled
[2021.01.10-21.46.33:720][  0]LogAndroidPermission: UAndroidPermissionCallbackProxy::GetInstance
[2021.01.10-21.46.33:738][  0]LogAudioCaptureCore: Display: No Audio Capture implementations found. Audio input will be silent.
[2021.01.10-21.46.33:738][  0]LogAudioCaptureCore: Display: No Audio Capture implementations found. Audio input will be silent.
[2021.01.10-21.46.33:782][  0]LogOcInput: OculusInput pre-init called
[2021.01.10-21.46.33:796][  0]LogUObjectArray: 19064 objects as part of root set at end of initial load.
[2021.01.10-21.46.33:796][  0]LogUObjectAllocator: 5015424 out of 0 bytes used by permanent object pool.
[2021.01.10-21.46.33:796][  0]LogUObjectArray: CloseDisregardForGC: 0/0 objects in disregard for GC pool
[2021.01.10-21.46.33:838][  0]LogEngine: Initializing Engine...
[2021.01.10-21.46.33:899][  0]LogHMD: Failed to initialize OpenVR with code 117
[2021.01.10-21.46.33:899][  0]LogMagicLeap: Warning: VR disabled because ZI is not enabled.  To enable, in the editor, Edit -> Project Settings -> Plugins -> Magic Leap Plugin -> Enable Zero Iteration
[2021.01.10-21.46.33:900][  0]LogStats: UGameplayTagsManager::InitializeManager -  0.000 s
[2021.01.10-21.46.33:978][  0]LogInit: Initializing FReadOnlyCVARCache
[2021.01.10-21.46.33:982][  0]LogAudioMixer: Display: Audio Mixer Platform Settings:
[2021.01.10-21.46.33:982][  0]LogAudioMixer: Display: 	Sample Rate:						  48000
[2021.01.10-21.46.33:982][  0]LogAudioMixer: Display: 	Callback Buffer Frame Size Requested: 1024
[2021.01.10-21.46.33:982][  0]LogAudioMixer: Display: 	Callback Buffer Frame Size To Use:	  1024
[2021.01.10-21.46.33:982][  0]LogAudioMixer: Display: 	Number of buffers to queue:			  2
[2021.01.10-21.46.33:982][  0]LogAudioMixer: Display: 	Max Channels (voices):				  32
[2021.01.10-21.46.33:982][  0]LogAudioMixer: Display: 	Number of Async Source Workers:		  0
[2021.01.10-21.46.33:982][  0]LogAudio: Display: AudioDevice MaxSources: 32
[2021.01.10-21.46.33:982][  0]LogAudio: Display: Using built-in audio occlusion.
[2021.01.10-21.46.33:982][  0]LogAudioMixer: Display: Initializing audio mixer.
[2021.01.10-21.46.33:995][  0]LogAudioMixer: Display: 0: FrontLeft
[2021.01.10-21.46.33:995][  0]LogAudioMixer: Display: 1: FrontRight
[2021.01.10-21.46.34:023][  0]LogAudioMixer: Display: Using Audio Device Динамики (7- USB Audio Device)
[2021.01.10-21.46.34:026][  0]LogAudioMixer: Display: Initializing Sound Submixes...
[2021.01.10-21.46.34:027][  0]LogAudioMixer: Display: Creating Master Submix 'MasterSubmixDefault'
[2021.01.10-21.46.34:027][  0]LogAudioMixer: Display: Creating Master Submix 'MasterReverbSubmixDefault'
[2021.01.10-21.46.34:028][  0]LogAudioMixer: Display: Creating Master Submix 'MasterEQSubmixDefault'
[2021.01.10-21.46.34:028][  0]LogInit: FAudioDevice initialized.
[2021.01.10-21.46.34:030][  0]LogNetVersion: Set ProjectVersion to 1.0.0.0. Version Checksum will be recalculated on next use.
[2021.01.10-21.46.34:032][  0]LogInit: Texture streaming: Enabled
[2021.01.10-21.46.34:087][  0]LogSlate: Updating window title bar state: overlay mode, drag disabled, window buttons hidden, title bar hidden
[2021.01.10-21.46.34:088][  0]LogInit: Display: Game Engine Initialized.
[2021.01.10-21.46.34:088][  0]LogNiagaraEditor: Warning: GEditor isn't valid! Particle reset commands will not work for Niagara components!
[2021.01.10-21.46.34:115][  0]LogInit: Display: Starting Game.
[2021.01.10-21.46.34:115][  0]LogNet: Browse: /Game/EndlessRunnerProj/Maps/ThirdPersonExampleMap?Name=Player
[2021.01.10-21.46.34:115][  0]LogLoad: LoadMap: /Game/EndlessRunnerProj/Maps/ThirdPersonExampleMap?Name=Player
[2021.01.10-21.46.34:115][  0]LogWorld: BeginTearingDown for /Temp/Untitled_0
[2021.01.10-21.46.34:116][  0]LogWorld: UWorld::CleanupWorld for Untitled, bSessionEnded=true, bCleanupResources=true
[2021.01.10-21.46.34:116][  0]LogSlate: InvalidateAllWidgets triggered.  All widgets were invalidated
[2021.01.10-21.46.34:172][  0]LogUObjectHash: Compacting FUObjectHashTables data took   0.66ms
[2021.01.10-21.46.34:398][  0]LogAIModule: Creating AISystem for world ThirdPersonExampleMap
[2021.01.10-21.46.34:398][  0]LogAISub: UAISubsystem::UAISubsystem EnvQueryManager (000001BD21415A00), frame # 0
[2021.01.10-21.46.34:398][  0]LogAISub: UAISubsystem::UAISubsystem AIPerceptionSystem (000001BD07580680), frame # 0
[2021.01.10-21.46.34:398][  0]LogLoad: Game class is 'ThirdPersonGameMode_C'
[2021.01.10-21.46.34:411][  0]LogWorld: Bringing World /Game/EndlessRunnerProj/Maps/ThirdPersonExampleMap.ThirdPersonExampleMap up for play (max tick rate 0) at 2021.01.11-00.46.34
[2021.01.10-21.46.34:412][  0]LogWorld: Bringing up level for play took: 0.013287
[2021.01.10-21.46.34:417][  0]LogLoad: Took 0.301560 seconds to LoadMap(/Game/EndlessRunnerProj/Maps/ThirdPersonExampleMap)
[2021.01.10-21.46.34:445][  0]LogRenderer: Reallocating scene render targets to support 720x1280 Format 10 NumSamples 1 (Frame:1).
[2021.01.10-21.46.34:445][  0]LogLoad: (Engine Initialization) Total time: 5.48 seconds
[2021.01.10-21.46.34:445][  0]LogLoad: (Engine Initialization) Total Blueprint compile time: 0.00 seconds
[2021.01.10-21.46.34:449][  0]LogContentStreaming: Texture pool size now 1000 MB
[2021.01.10-21.46.34:451][  0]LogSlate: InvalidateAllWidgets triggered.  All widgets were invalidated
[2021.01.10-21.46.34:459][  0]LogRenderer: Reallocating scene render targets to support 128x128 Format 10 NumSamples 1 (Frame:1).
[2021.01.10-21.46.34:477][  0]LogRenderer: Reallocating scene render targets to support 720x1280 Format 10 NumSamples 1 (Frame:2).
[2021.01.10-21.46.36:374][879]LogBlueprintUserMessages: [BP_BaseChar_C_0] Swipe Left
[2021.01.10-21.46.36:374][879]LogBlueprintUserMessages: [BP_BaseChar_C_0] X=487.000 Y=661.000
[2021.01.10-21.46.36:374][879]LogBlueprintUserMessages: [BP_BaseChar_C_0] X=286.000 Y=690.000
[2021.01.10-21.46.36:374][879]LogSlate: Took 0.000159 seconds to synchronously load lazily loaded font '../../../Engine/Content/Slate/Fonts/Roboto-Regular.ttf' (155K)
[2021.01.10-21.46.36:830][ 89]LogBlueprintUserMessages: [BP_BaseChar_C_0] Swipe Right
[2021.01.10-21.46.36:830][ 89]LogBlueprintUserMessages: [BP_BaseChar_C_0] X=253.000 Y=706.000
[2021.01.10-21.46.36:830][ 89]LogBlueprintUserMessages: [BP_BaseChar_C_0] X=509.000 Y=731.000
[2021.01.10-21.46.38:746][940]LogBlueprintUserMessages: [BP_BaseChar_C_0] Swipe Right
[2021.01.10-21.46.38:746][940]LogBlueprintUserMessages: [BP_BaseChar_C_0] X=300.000 Y=746.000
[2021.01.10-21.46.38:746][940]LogBlueprintUserMessages: [BP_BaseChar_C_0] X=480.000 Y=753.000
[2021.01.10-21.46.41:938][339]LogBlueprintUserMessages: [BP_BaseChar_C_0] Swipe Left
[2021.01.10-21.46.41:938][339]LogBlueprintUserMessages: [BP_BaseChar_C_0] X=512.000 Y=778.000
[2021.01.10-21.46.41:938][339]LogBlueprintUserMessages: [BP_BaseChar_C_0] X=305.000 Y=795.000
[2021.01.10-21.46.45:976][ 59]LogBlueprintUserMessages: [BP_BaseChar_C_0] Swipe Right
[2021.01.10-21.46.45:977][ 59]LogBlueprintUserMessages: [BP_BaseChar_C_0] X=271.000 Y=777.000
[2021.01.10-21.46.45:977][ 59]LogBlueprintUserMessages: [BP_BaseChar_C_0] X=519.000 Y=793.000
[2021.01.10-21.46.46:484][244]LogBlueprintUserMessages: [BP_BaseChar_C_0] Swipe Left
[2021.01.10-21.46.46:484][244]LogBlueprintUserMessages: [BP_BaseChar_C_0] X=500.000 Y=793.000
[2021.01.10-21.46.46:484][244]LogBlueprintUserMessages: [BP_BaseChar_C_0] X=207.000 Y=789.000
[2021.01.10-21.46.46:922][404]LogBlueprintUserMessages: [BP_BaseChar_C_0] Swipe Right
[2021.01.10-21.46.46:922][404]LogBlueprintUserMessages: [BP_BaseChar_C_0] X=233.000 Y=786.000
[2021.01.10-21.46.46:922][404]LogBlueprintUserMessages: [BP_BaseChar_C_0] X=607.000 Y=787.000
[2021.01.10-21.46.47:363][559]LogBlueprintUserMessages: [BP_BaseChar_C_0] Swipe Left
[2021.01.10-21.46.47:363][559]LogBlueprintUserMessages: [BP_BaseChar_C_0] X=592.000 Y=792.000
[2021.01.10-21.46.47:363][559]LogBlueprintUserMessages: [BP_BaseChar_C_0] X=172.000 Y=792.000
[2021.01.10-21.46.48:029][796]LogBlueprintUserMessages: [BP_BaseChar_C_0] Swipe Left
[2021.01.10-21.46.48:029][796]LogBlueprintUserMessages: [BP_BaseChar_C_0] X=539.000 Y=788.000
[2021.01.10-21.46.48:029][796]LogBlueprintUserMessages: [BP_BaseChar_C_0] X=80.000 Y=792.000
[2021.01.10-21.46.48:538][986]LogBlueprintUserMessages: [BP_BaseChar_C_0] Swipe Right
[2021.01.10-21.46.48:539][986]LogBlueprintUserMessages: [BP_BaseChar_C_0] X=120.000 Y=783.000
[2021.01.10-21.46.48:539][986]LogBlueprintUserMessages: [BP_BaseChar_C_0] X=481.000 Y=789.000
[2021.01.10-21.46.49:014][160]LogBlueprintUserMessages: [BP_BaseChar_C_0] Swipe Left
[2021.01.10-21.46.49:014][160]LogBlueprintUserMessages: [BP_BaseChar_C_0] X=514.000 Y=788.000
[2021.01.10-21.46.49:014][160]LogBlueprintUserMessages: [BP_BaseChar_C_0] X=94.000 Y=788.000
[2021.01.10-21.46.49:569][365]LogBlueprintUserMessages: [BP_BaseChar_C_0] Swipe Right
[2021.01.10-21.46.49:569][365]LogBlueprintUserMessages: [BP_BaseChar_C_0] X=447.000 Y=842.000
[2021.01.10-21.46.49:569][365]LogBlueprintUserMessages: [BP_BaseChar_C_0] X=670.000 Y=835.000
[2021.01.10-21.46.51:032][954]LogBlueprintUserMessages: [BP_BaseChar_C_0] Swipe Left
[2021.01.10-21.46.51:032][954]LogBlueprintUserMessages: [BP_BaseChar_C_0] X=522.000 Y=718.000
[2021.01.10-21.46.51:032][954]LogBlueprintUserMessages: [BP_BaseChar_C_0] X=253.000 Y=757.000
[2021.01.10-21.46.51:902][338]LogBlueprintUserMessages: [BP_BaseChar_C_0] Swipe Right
[2021.01.10-21.46.51:902][338]LogBlueprintUserMessages: [BP_BaseChar_C_0] X=240.000 Y=705.000
[2021.01.10-21.46.51:902][338]LogBlueprintUserMessages: [BP_BaseChar_C_0] X=549.000 Y=728.000
[2021.01.10-21.46.53:379][990]LogBlueprintUserMessages: [BP_BaseChar_C_0] Swipe Left
[2021.01.10-21.46.53:379][990]LogBlueprintUserMessages: [BP_BaseChar_C_0] X=597.000 Y=658.000
[2021.01.10-21.46.53:379][990]LogBlueprintUserMessages: [BP_BaseChar_C_0] X=344.000 Y=685.000
[2021.01.10-21.46.57:071][625]LogWindowsDesktop: Alt-F4 pressed!
[2021.01.10-21.46.57:075][625]LogSlate: Window 'EndlessRunnerProj (64-bit Development PCD3D_ES31) ' being destroyed
[2021.01.10-21.46.57:075][625]LogWindowsTextInputMethodSystem: Display: IME system now deactivated.
[2021.01.10-21.46.57:079][625]LogWindowsTextInputMethodSystem: Display: IME system now deactivated.
[2021.01.10-21.46.57:080][625]LogSlate: Updating window title bar state: overlay mode, drag disabled, window buttons hidden, title bar hidden
[2021.01.10-21.46.57:080][625]LogEngine: All Windows Closed
[2021.01.10-21.46.57:080][625]LogWindows: FPlatformMisc::RequestExit(0)
[2021.01.10-21.46.57:080][625]LogCore: Engine exit requested (reason: Win RequestExit)
[2021.01.10-21.46.57:080][626]LogCore: Engine exit requested (reason: EngineExit() was called; note: exit was already requested)
[2021.01.10-21.46.57:081][626]LogAudio: Display: Shutting down audio device while 2 references to it are still alive. For more information, compile with INSTRUMENT_AUDIODEVICE_HANDLES.
[2021.01.10-21.46.57:123][626]LogInit: Display: PreExit Game.
[2021.01.10-21.46.57:180][626]LogWorld: BeginTearingDown for /Game/EndlessRunnerProj/Maps/ThirdPersonExampleMap
[2021.01.10-21.46.57:180][626]LogWorld: UWorld::CleanupWorld for ThirdPersonExampleMap, bSessionEnded=true, bCleanupResources=true
[2021.01.10-21.46.57:180][626]LogSlate: InvalidateAllWidgets triggered.  All widgets were invalidated
[2021.01.10-21.46.57:916][626]LogExit: Preparing to exit.
[2021.01.10-21.46.58:551][626]LogMoviePlayer: Shutting down movie player
[2021.01.10-21.46.58:697][626]LogSlate: Updating window title bar state: overlay mode, drag disabled, window buttons hidden, title bar hidden
[2021.01.10-21.46.58:704][626]LogDemo: Cleaned up 0 splitscreen connections with owner deletion
[2021.01.10-21.46.58:707][626]LogExit: Game engine shut down
[2021.01.10-21.46.58:715][626]LogAISub: UAISubsystem::~UAISubsystem AISubsystem (000001BD13B18FC0), frame # 9626
[2021.01.10-21.46.58:715][626]LogAISub: UAISubsystem::~UAISubsystem AIPerceptionSystem (000001BD13A43C40), frame # 9626
[2021.01.10-21.46.58:716][626]LogAISub: UAISubsystem::~UAISubsystem EnvQueryManager (000001BD13A5F000), frame # 9626
[2021.01.10-21.46.58:720][626]LogAISub: UAISubsystem::~UAISubsystem EnvQueryManager (000001BD21415A00), frame # 9626
[2021.01.10-21.46.58:720][626]LogAISub: UAISubsystem::~UAISubsystem AIPerceptionSystem (000001BD07580680), frame # 9626
[2021.01.10-21.46.58:740][626]LogExit: Object subsystem successfully closed.
[2021.01.10-21.46.58:771][626]LogShaderCompilers: Display: Shaders left to compile 0
[2021.01.10-21.46.58:779][626]LogModuleManager: Shutting down and abandoning module SequenceRecorderSections (502)
[2021.01.10-21.46.58:779][626]LogModuleManager: Shutting down and abandoning module SequenceRecorder (500)
[2021.01.10-21.46.58:779][626]LogModuleManager: Shutting down and abandoning module AutomationController (498)
[2021.01.10-21.46.58:779][626]LogModuleManager: Shutting down and abandoning module AutomationWorker (496)
[2021.01.10-21.46.58:779][626]LogModuleManager: Shutting down and abandoning module Voice (494)
[2021.01.10-21.46.58:779][626]LogModuleManager: Shutting down and abandoning module AIModule (492)
[2021.01.10-21.46.58:779][626]LogModuleManager: Shutting down and abandoning module GameplayDebugger (491)
[2021.01.10-21.46.58:779][626]LogModuleManager: Shutting down and abandoning module AITestSuite (489)
[2021.01.10-21.46.58:779][626]LogModuleManager: Shutting down and abandoning module NavigationSystem (487)
[2021.01.10-21.46.58:779][626]LogModuleManager: Shutting down and abandoning module OculusMR (484)
[2021.01.10-21.46.58:779][626]LogModuleManager: Shutting down and abandoning module WmfMediaFactory (482)
[2021.01.10-21.46.58:779][626]LogModuleManager: Shutting down and abandoning module WebMMediaFactory (480)
[2021.01.10-21.46.58:779][626]LogModuleManager: Shutting down and abandoning module WebMMedia (478)
[2021.01.10-21.46.58:779][626]LogModuleManager: Shutting down and abandoning module OpenExrWrapper (476)
[2021.01.10-21.46.58:779][626]LogModuleManager: Shutting down and abandoning module ImgMediaFactory (474)
[2021.01.10-21.46.58:779][626]LogModuleManager: Shutting down and abandoning module AvfMediaFactory (472)
[2021.01.10-21.46.58:779][626]LogModuleManager: Shutting down and abandoning module MagicLeapMediaCodecFactory (470)
[2021.01.10-21.46.58:779][626]LogModuleManager: Shutting down and abandoning module MagicLeapMediaFactory (468)
[2021.01.10-21.46.58:779][626]LogModuleManager: Shutting down and abandoning module PlanarCut (466)
[2021.01.10-21.46.58:779][626]LogModuleManager: Shutting down and abandoning module CharacterAI (464)
[2021.01.10-21.46.58:779][626]LogModuleManager: Shutting down and abandoning module SessionServices (462)
[2021.01.10-21.46.58:779][626]LogModuleManager: Shutting down and abandoning module MovieSceneCapture (460)
[2021.01.10-21.46.58:779][626]LogModuleManager: Shutting down and abandoning module LiveCoding (458)
[2021.01.10-21.46.58:779][626]LogModuleManager: Shutting down and abandoning module LevelSequence (456)
[2021.01.10-21.46.58:779][626]LogModuleManager: Shutting down and abandoning module MovieSceneTracks (454)
[2021.01.10-21.46.58:779][626]LogModuleManager: Shutting down and abandoning module MovieScene (452)
[2021.01.10-21.46.58:779][626]LogModuleManager: Shutting down and abandoning module StreamingPauseRendering (450)
[2021.01.10-21.46.58:779][626]LogModuleManager: Shutting down and abandoning module PortalServices (448)
[2021.01.10-21.46.58:779][626]LogModuleManager: Shutting down and abandoning module PortalRpc (446)
[2021.01.10-21.46.58:779][626]LogModuleManager: Shutting down and abandoning module MessagingRpc (444)
[2021.01.10-21.46.58:779][626]LogModuleManager: Shutting down and abandoning module AudioMixerXAudio2 (442)
[2021.01.10-21.46.58:779][626]LogModuleManager: Shutting down and abandoning module AudioMixerCore (441)
[2021.01.10-21.46.58:779][626]LogModuleManager: Shutting down and abandoning module ProfilerService (438)
[2021.01.10-21.46.58:814][626]LogModuleManager: Shutting down and abandoning module TaskGraph (436)
[2021.01.10-21.46.58:814][626]LogModuleManager: Shutting down and abandoning module Synthesis (434)
[2021.01.10-21.46.58:814][626]LogModuleManager: Shutting down and abandoning module ProceduralMeshComponent (432)
[2021.01.10-21.46.58:814][626]LogModuleManager: Shutting down and abandoning module OculusInput (430)
[2021.01.10-21.46.58:814][626]LogModuleManager: Shutting down and abandoning module MobilePatchingUtils (428)
[2021.01.10-21.46.58:814][626]LogModuleManager: Shutting down and abandoning module GooglePAD (426)
[2021.01.10-21.46.58:814][626]LogModuleManager: Shutting down and abandoning module EditableMesh (424)
[2021.01.10-21.46.58:814][626]LogModuleManager: Shutting down and abandoning module CustomMeshComponent (422)
[2021.01.10-21.46.58:814][626]LogModuleManager: Shutting down and abandoning module CableComponent (420)
[2021.01.10-21.46.58:814][626]LogModuleManager: Shutting down and abandoning module AudioCapture (418)
[2021.01.10-21.46.58:814][626]LogModuleManager: Shutting down and abandoning module AudioCaptureRtAudio (417)
[2021.01.10-21.46.58:814][626]LogModuleManager: Shutting down and abandoning module AssetTags (414)
[2021.01.10-21.46.58:814][626]LogModuleManager: Shutting down and abandoning module ArchVisCharacter (412)
[2021.01.10-21.46.58:814][626]LogModuleManager: Shutting down and abandoning module AppleImageUtilsBlueprintSupport (410)
[2021.01.10-21.46.58:814][626]LogModuleManager: Shutting down and abandoning module AppleImageUtils (408)
[2021.01.10-21.46.58:814][626]LogModuleManager: Shutting down and abandoning module AndroidPermission (406)
[2021.01.10-21.46.58:814][626]LogModuleManager: Shutting down and abandoning module NUTUnrealEngine4 (404)
[2021.01.10-21.46.58:814][626]LogModuleManager: Shutting down and abandoning module NetcodeUnitTest (402)
[2021.01.10-21.46.58:815][626]LogModuleManager: Shutting down and abandoning module TemplateSequence (400)
[2021.01.10-21.46.58:815][626]LogModuleManager: Shutting down and abandoning module MovieRenderPipelineRenderPasses (398)
[2021.01.10-21.46.58:815][626]LogModuleManager: Shutting down and abandoning module MovieRenderPipelineSettings (396)
[2021.01.10-21.46.58:815][626]LogModuleManager: Shutting down and abandoning module MovieRenderPipelineCore (394)
[2021.01.10-21.46.58:815][626]LogModuleManager: Shutting down and abandoning module ImageWriteQueue (393)
[2021.01.10-21.46.58:821][626]LogModuleManager: Shutting down and abandoning module MediaCompositing (390)
[2021.01.10-21.46.58:821][626]LogModuleManager: Shutting down and abandoning module ImgMedia (388)
[2021.01.10-21.46.58:821][626]LogModuleManager: Shutting down and abandoning module MagicLeapSharedWorld (386)
[2021.01.10-21.46.58:821][626]LogModuleManager: Shutting down and abandoning module MagicLeapLightEstimation (384)
[2021.01.10-21.46.58:821][626]LogModuleManager: Shutting down and abandoning module MagicLeapHelperVulkan (382)
[2021.01.10-21.46.58:821][626]LogModuleManager: Shutting down and abandoning module MagicLeapHelperOpenGL (380)
[2021.01.10-21.46.58:821][626]LogModuleManager: Shutting down and abandoning module MagicLeapAudio (378)
[2021.01.10-21.46.58:821][626]LogModuleManager: Shutting down and abandoning module MeshSolverUtilities (376)
[2021.01.10-21.46.58:821][626]LogModuleManager: Shutting down and abandoning module MeshConversion (374)
[2021.01.10-21.46.58:821][626]LogModuleManager: Shutting down and abandoning module DynamicMesh (372)
[2021.01.10-21.46.58:821][626]LogModuleManager: Shutting down and abandoning module GeometryAlgorithms (370)
[2021.01.10-21.46.58:821][626]LogModuleManager: Shutting down and abandoning module GeometricObjects (368)
[2021.01.10-21.46.58:821][626]LogModuleManager: Shutting down and abandoning module GeometryCollectionTracks (366)
[2021.01.10-21.46.58:821][626]LogModuleManager: Shutting down and abandoning module GeometryCollectionSequencer (365)
[2021.01.10-21.46.58:821][626]LogModuleManager: Shutting down and abandoning module GeometryCacheTracks (362)
[2021.01.10-21.46.58:821][626]LogModuleManager: Shutting down and abandoning module GeometryCacheSequencer (361)
[2021.01.10-21.46.58:821][626]LogModuleManager: Shutting down and abandoning module GeometryCache (358)
[2021.01.10-21.46.58:821][626]LogModuleManager: Shutting down and abandoning module GeometryCacheEd (357)
[2021.01.10-21.46.58:821][626]LogModuleManager: Shutting down and abandoning module ChaosNiagara (354)
[2021.01.10-21.46.58:821][626]LogModuleManager: Shutting down and abandoning module ChaosCloth (352)
[2021.01.10-21.46.58:821][626]LogModuleManager: Shutting down and abandoning module BackChannel (350)
[2021.01.10-21.46.58:821][626]LogModuleManager: Shutting down and abandoning module AutomationUtils (348)
[2021.01.10-21.46.58:821][626]LogModuleManager: Shutting down and abandoning module VisualStudioSourceCodeAccess (346)
[2021.01.10-21.46.58:821][626]LogModuleManager: Shutting down and abandoning module HotReload (345)
[2021.01.10-21.46.58:821][626]LogModuleManager: Shutting down and abandoning module VisualStudioCodeSourceCodeAccess (342)
[2021.01.10-21.46.58:821][626]LogModuleManager: Shutting down and abandoning module UObjectPlugin (340)
[2021.01.10-21.46.58:821][626]LogModuleManager: Shutting down and abandoning module SubversionSourceControl (338)
[2021.01.10-21.46.58:821][626]LogModuleManager: Shutting down and abandoning module RiderSourceCodeAccess (336)
[2021.01.10-21.46.58:821][626]LogModuleManager: Shutting down and abandoning module PerforceSourceControl (334)
[2021.01.10-21.46.58:821][626]LogModuleManager: Shutting down and abandoning module SourceControl (333)
[2021.01.10-21.46.58:821][626]LogModuleManager: Shutting down and abandoning module CLionSourceCodeAccess (330)
[2021.01.10-21.46.58:821][626]LogModuleManager: Shutting down and abandoning module ActorLayerUtilities (328)
[2021.01.10-21.46.58:821][626]LogModuleManager: Shutting down and abandoning module SoundFields (326)
[2021.01.10-21.46.58:821][626]LogModuleManager: Shutting down and abandoning module SignificanceManager (324)
[2021.01.10-21.46.58:821][626]LogModuleManager: Shutting down and abandoning module RuntimePhysXCooking (322)
[2021.01.10-21.46.58:821][626]LogModuleManager: Shutting down and abandoning module PhysXVehiclesEditor (320)
[2021.01.10-21.46.58:822][626]LogModuleManager: Shutting down and abandoning module LocationServicesBPLibrary (316)
[2021.01.10-21.46.58:822][626]LogModuleManager: Shutting down and abandoning module ActorSequence (314)
[2021.01.10-21.46.58:822][626]LogModuleManager: Shutting down and abandoning module UdpMessaging (312)
[2021.01.10-21.46.58:923][626]LogModuleManager: Shutting down and abandoning module TcpMessaging (310)
[2021.01.10-21.46.59:548][626]LogModuleManager: Shutting down and abandoning module MagicLeapARPin (308)
[2021.01.10-21.46.59:548][626]LogModuleManager: Shutting down and abandoning module MagicLeapHandMeshing (306)
[2021.01.10-21.46.59:548][626]LogModuleManager: Shutting down and abandoning module MagicLeapSecureStorage (304)
[2021.01.10-21.46.59:548][626]LogModuleManager: Shutting down and abandoning module MagicLeapPrivileges (302)
[2021.01.10-21.46.59:548][626]LogModuleManager: Shutting down and abandoning module MagicLeapPlanes (300)
[2021.01.10-21.46.59:548][626]LogMagicLeapPlanes: Planes tracker already destroyed.
[2021.01.10-21.46.59:548][626]LogModuleManager: Shutting down and abandoning module MagicLeapImageTracker (298)
[2021.01.10-21.46.59:548][626]LogModuleManager: Shutting down and abandoning module MagicLeapIdentity (296)
[2021.01.10-21.46.59:548][626]LogModuleManager: Shutting down and abandoning module MagicLeapHandTracking (294)
[2021.01.10-21.46.59:548][626]LogModuleManager: Shutting down and abandoning module MagicLeapEyeTracker (292)
[2021.01.10-21.46.59:548][626]LogModuleManager: Shutting down and abandoning module MagicLeapController (290)
[2021.01.10-21.46.59:548][626]LogSlate: Slate User Destroyed.  User Index 0, Is Virtual User: 0
[2021.01.10-21.46.59:548][626]LogModuleManager: Shutting down and abandoning module MagicLeapARPinImpl (288)
[2021.01.10-21.46.59:548][626]LogModuleManager: Shutting down and abandoning module MagicLeapAR (286)
[2021.01.10-21.46.59:548][626]LogModuleManager: Shutting down and abandoning module AugmentedReality (285)
[2021.01.10-21.46.59:548][626]LogModuleManager: Shutting down and abandoning module NiagaraAnimNotifies (282)
[2021.01.10-21.46.59:548][626]LogModuleManager: Shutting down and abandoning module Niagara (280)
[2021.01.10-21.46.59:548][626]LogModuleManager: Shutting down and abandoning module SignalProcessing (279)
[2021.01.10-21.46.59:548][626]LogModuleManager: Shutting down and abandoning module NiagaraEditor (277)
[2021.01.10-21.46.59:548][626]LogModuleManager: Shutting down and abandoning module NiagaraCore (274)
[2021.01.10-21.46.59:548][626]LogModuleManager: Shutting down and abandoning module GameplayTagsEditor (272)
[2021.01.10-21.46.59:548][626]LogModuleManager: Shutting down and abandoning module FacialAnimation (270)
[2021.01.10-21.46.59:548][626]LogModuleManager: Shutting down and abandoning module AssetManagerEditor (268)
[2021.01.10-21.46.59:548][626]LogModuleManager: Shutting down and abandoning module TreeMap (267)
[2021.01.10-21.46.59:548][626]LogModuleManager: Shutting down and abandoning module AnimationSharing (264)
[2021.01.10-21.46.59:548][626]LogModuleManager: Shutting down and abandoning module LightPropagationVolumeRuntime (262)
[2021.01.10-21.46.59:548][626]LogModuleManager: Shutting down and abandoning module Paper2D (260)
[2021.01.10-21.46.59:548][626]LogModuleManager: Shutting down and abandoning module WindowsMoviePlayer (258)
[2021.01.10-21.46.59:549][626]LogModuleManager: Shutting down and abandoning module WebMMoviePlayer (256)
[2021.01.10-21.46.59:549][626]LogModuleManager: Shutting down and abandoning module NetworkReplayStreaming (254)
[2021.01.10-21.46.59:549][626]LogModuleManager: Shutting down and abandoning module PacketHandler (252)
[2021.01.10-21.46.59:549][626]LogModuleManager: Shutting down and abandoning module ClothingSystemEditor (250)
[2021.01.10-21.46.59:549][626]LogModuleManager: Shutting down and abandoning module ClothingSystemRuntimeNv (248)
[2021.01.10-21.46.59:549][626]LogModuleManager: Shutting down and abandoning module MediaAssets (246)
[2021.01.10-21.46.59:549][626]LogModuleManager: Shutting down and abandoning module Overlay (244)
[2021.01.10-21.46.59:549][626]LogModuleManager: Shutting down and abandoning module OverlayEditor (243)
[2021.01.10-21.46.59:549][626]LogModuleManager: Shutting down and abandoning module VREditor (240)
[2021.01.10-21.46.59:549][626]LogModuleManager: Shutting down and abandoning module StringTableEditor (238)
[2021.01.10-21.46.59:549][626]LogModuleManager: Shutting down and abandoning module GameplayTasksEditor (236)
[2021.01.10-21.46.59:549][626]LogModuleManager: Shutting down and abandoning module BehaviorTreeEditor (234)
[2021.01.10-21.46.59:549][626]LogModuleManager: Shutting down and abandoning module FunctionalTesting (232)
[2021.01.10-21.46.59:549][626]LogModuleManager: Shutting down and abandoning module CollisionAnalyzer (230)
[2021.01.10-21.46.59:549][626]LogModuleManager: Shutting down and abandoning module UMG (228)
[2021.01.10-21.46.59:549][626]LogModuleManager: Shutting down and abandoning module UMGEditor (227)
[2021.01.10-21.46.59:549][626]LogModuleManager: Shutting down and abandoning module Sequencer (226)
[2021.01.10-21.46.59:549][626]LogModuleManager: Shutting down and abandoning module MessageLog (223)
[2021.01.10-21.46.59:549][626]LogModuleManager: Shutting down and abandoning module MaterialEditor (221)
[2021.01.10-21.46.59:549][626]LogModuleManager: Shutting down and abandoning module ContentBrowser (220)
[2021.01.10-21.46.59:549][626]LogModuleManager: Shutting down and abandoning module WorkspaceMenuStructure (219)
[2021.01.10-21.46.59:549][626]LogModuleManager: Shutting down and abandoning module CollectionManager (217)
[2021.01.10-21.46.59:549][626]LogModuleManager: Shutting down and abandoning module DirectoryWatcher (216)
[2021.01.10-21.46.59:549][626]LogModuleManager: Shutting down and abandoning module SlateReflector (208)
[2021.01.10-21.46.59:549][626]LogModuleManager: Shutting down and abandoning module Slate (206)
[2021.01.10-21.46.59:549][626]LogModuleManager: Shutting down and abandoning module SlateCore (204)
[2021.01.10-21.46.59:549][626]LogModuleManager: Shutting down and abandoning module LandscapeEditorUtilities (202)
[2021.01.10-21.46.59:549][626]LogModuleManager: Shutting down and abandoning module EditorStyle (200)
[2021.01.10-21.46.59:550][626]LogModuleManager: Shutting down and abandoning module UnrealEd (198)
[2021.01.10-21.46.59:550][626]LogModuleManager: Shutting down and abandoning module MRMesh (196)
[2021.01.10-21.46.59:550][626]LogModuleManager: Shutting down and abandoning module Messaging (194)
[2021.01.10-21.46.59:550][626]LogModuleManager: Shutting down and abandoning module SourceCodeAccess (192)
[2021.01.10-21.46.59:550][626]LogModuleManager: Shutting down and abandoning module HeadMountedDisplay (190)
[2021.01.10-21.46.59:550][626]LogModuleManager: Shutting down and abandoning module XAudio2 (188)
[2021.01.10-21.46.59:550][626]LogModuleManager: Shutting down and abandoning module Networking (186)
[2021.01.10-21.46.59:550][626]LogModuleManager: Shutting down and abandoning module Core (184)
[2021.01.10-21.46.59:550][626]LogModuleManager: Shutting down and abandoning module MovieSceneTools (182)
[2021.01.10-21.46.59:550][626]LogModuleManager: Shutting down and abandoning module KismetCompiler (180)
[2021.01.10-21.46.59:550][626]LogModuleManager: Shutting down and abandoning module MeshBuilder (178)
[2021.01.10-21.46.59:550][626]LogModuleManager: Shutting down and abandoning module MeshUtilities (176)
[2021.01.10-21.46.59:550][626]LogModuleManager: Shutting down and abandoning module MeshMergeUtilities (175)
[2021.01.10-21.46.59:550][626]LogModuleManager: Shutting down and abandoning module MeshReductionInterface (174)
[2021.01.10-21.46.59:550][626]LogModuleManager: Shutting down and abandoning module MeshBoneReduction (173)
[2021.01.10-21.46.59:550][626]LogModuleManager: Shutting down and abandoning module SkeletalMeshReduction (171)
[2021.01.10-21.46.59:550][626]LogModuleManager: Shutting down and abandoning module ProxyLODMeshReduction (169)
[2021.01.10-21.46.59:550][626]LogModuleManager: Shutting down and abandoning module QuadricMeshReduction (167)
[2021.01.10-21.46.59:550][626]LogModuleManager: Shutting down and abandoning module MaterialBaking (163)
[2021.01.10-21.46.59:550][626]LogModuleManager: Shutting down and abandoning module NullInstallBundleManager (158)
[2021.01.10-21.46.59:550][626]LogModuleManager: Shutting down and abandoning module PIEPreviewDeviceProfileSelector (156)
[2021.01.10-21.46.59:550][626]LogModuleManager: Shutting down and abandoning module DerivedDataCache (154)
[2021.01.10-21.46.59:550][626]LogModuleManager: Shutting down and abandoning module XGEController (152)
[2021.01.10-21.46.59:550][626]LogModuleManager: Shutting down and abandoning module TargetPlatform (150)
[2021.01.10-21.46.59:550][626]LogModuleManager: Shutting down and abandoning module VulkanShaderFormat (149)
[2021.01.10-21.46.59:550][626]LogModuleManager: Shutting down and abandoning module ShaderFormatVectorVM (147)
[2021.01.10-21.46.59:550][626]LogModuleManager: Shutting down and abandoning module ShaderFormatOpenGL (145)
[2021.01.10-21.46.59:551][626]LogModuleManager: Shutting down and abandoning module ShaderFormatD3D (143)
[2021.01.10-21.46.59:551][626]LogModuleManager: Shutting down and abandoning module MetalShaderFormat (141)
[2021.01.10-21.46.59:551][626]LogModuleManager: Shutting down and abandoning module TextureFormatUncompressed (139)
[2021.01.10-21.46.59:551][626]LogModuleManager: Shutting down and abandoning module TextureFormatPVR (137)
[2021.01.10-21.46.59:551][626]LogModuleManager: Shutting down and abandoning module TextureFormatDXT (135)
[2021.01.10-21.46.59:551][626]LogModuleManager: Shutting down and abandoning module TextureFormatIntelISPCTexComp (133)
[2021.01.10-21.46.59:551][626]LogModuleManager: Shutting down and abandoning module TextureFormatASTC (131)
[2021.01.10-21.46.59:551][626]LogModuleManager: Shutting down and abandoning module ImageWrapper (130)
[2021.01.10-21.46.59:551][626]LogModuleManager: Shutting down and abandoning module TextureFormatAndroid (127)
[2021.01.10-21.46.59:551][626]LogModuleManager: Shutting down and abandoning module AudioFormatOpus (125)
[2021.01.10-21.46.59:551][626]LogModuleManager: Shutting down and abandoning module AudioFormatOgg (123)
[2021.01.10-21.46.59:551][626]LogModuleManager: Shutting down and abandoning module AudioFormatADPCM (121)
[2021.01.10-21.46.59:551][626]LogModuleManager: Shutting down and abandoning module WindowsServerTargetPlatform (119)
[2021.01.10-21.46.59:551][626]LogModuleManager: Shutting down and abandoning module WindowsClientTargetPlatform (117)
[2021.01.10-21.46.59:551][626]LogModuleManager: Shutting down and abandoning module WindowsTargetPlatform (115)
[2021.01.10-21.46.59:551][626]LogModuleManager: Shutting down and abandoning module WindowsNoEditorTargetPlatform (113)
[2021.01.10-21.46.59:551][626]LogModuleManager: Shutting down and abandoning module InputCore (110)
[2021.01.10-21.46.59:551][626]LogModuleManager: Shutting down and abandoning module Settings (108)
[2021.01.10-21.46.59:551][626]LogModuleManager: Shutting down and abandoning module PhysXCooking (106)
[2021.01.10-21.46.59:551][626]LogModuleManager: Shutting down and abandoning module ChaosSolvers (104)
[2021.01.10-21.46.59:551][626]LogModuleManager: Shutting down and abandoning module FieldSystemEngine (103)
[2021.01.10-21.46.59:551][626]LogModuleManager: Shutting down and abandoning module Chaos (100)
[2021.01.10-21.46.59:551][626]LogModuleManager: Shutting down and abandoning module WindowsPlatformFeatures (98)
[2021.01.10-21.46.59:551][626]LogModuleManager: Shutting down and abandoning module GameplayMediaEncoder (97)
[2021.01.10-21.46.59:551][626]LogModuleManager: Shutting down and abandoning module AVEncoder (96)
[2021.01.10-21.46.59:551][626]LogModuleManager: Shutting down and abandoning module SteamVRInputDevice (92)
[2021.01.10-21.46.59:551][626]LogModuleManager: Shutting down and abandoning module SteamVRInput (90)
[2021.01.10-21.46.59:551][626]LogModuleManager: Shutting down and abandoning module SteamVR (88)
[2021.01.10-21.46.59:551][626]LogHMD: Freeing OpenVRDLLHandle.
[2021.01.10-21.46.59:551][626]LogModuleManager: Shutting down and abandoning module OculusHMD (86)
[2021.01.10-21.46.59:551][626]LogModuleManager: Shutting down and abandoning module ExampleDeviceProfileSelector (84)
[2021.01.10-21.46.59:551][626]LogModuleManager: Shutting down and abandoning module LauncherChunkInstaller (82)
[2021.01.10-21.46.59:551][626]LogModuleManager: Shutting down and abandoning module OnlineBlueprintSupport (80)
[2021.01.10-21.46.59:551][626]LogModuleManager: Shutting down and abandoning module OnlineSubsystem (76)
[2021.01.10-21.46.59:552][626]LogModuleManager: Shutting down and abandoning module XMPP (71)
[2021.01.10-21.46.59:552][626]LogModuleManager: Shutting down and abandoning module WebSockets (70)
[2021.01.10-21.46.59:578][626]LogModuleManager: Shutting down and abandoning module HTTP (67)
[2021.01.10-21.46.59:591][626]LogModuleManager: Shutting down and abandoning module SSL (66)
[2021.01.10-21.46.59:592][626]LogModuleManager: Shutting down and abandoning module WmfMedia (62)
[2021.01.10-21.46.59:593][626]LogModuleManager: Shutting down and abandoning module Media (61)
[2021.01.10-21.46.59:594][626]LogModuleManager: Shutting down and abandoning module MagicLeap (58)
[2021.01.10-21.46.59:594][626]LogModuleManager: Shutting down and abandoning module NiagaraVertexFactories (56)
[2021.01.10-21.46.59:594][626]LogModuleManager: Shutting down and abandoning module NiagaraShader (54)
[2021.01.10-21.46.59:594][626]LogModuleManager: Shutting down and abandoning module VariantManagerContent (52)
[2021.01.10-21.46.59:594][626]LogModuleManager: Shutting down and abandoning module DatasmithContent (50)
[2021.01.10-21.46.59:594][626]LogModuleManager: Shutting down and abandoning module AISupportModule (48)
[2021.01.10-21.46.59:594][626]LogModuleManager: Shutting down and abandoning module DesktopPlatform (46)
[2021.01.10-21.46.59:594][626]LogModuleManager: Shutting down and abandoning module PlatformCryptoOpenSSL (44)
[2021.01.10-21.46.59:594][626]LogModuleManager: Shutting down and abandoning module PlatformCryptoTypes (42)
[2021.01.10-21.46.59:594][626]LogModuleManager: Shutting down and abandoning module PlatformCrypto (40)
[2021.01.10-21.46.59:594][626]LogModuleManager: Shutting down and abandoning module AnimationModifiers (38)
[2021.01.10-21.46.59:594][626]LogModuleManager: Shutting down and abandoning module PropertyEditor (37)
[2021.01.10-21.46.59:595][626]LogModuleManager: Shutting down and abandoning module AudioEditor (34)
[2021.01.10-21.46.59:595][626]LogModuleManager: Shutting down and abandoning module TextureCompressor (32)
[2021.01.10-21.46.59:595][626]LogModuleManager: Shutting down and abandoning module RenderCore (30)
[2021.01.10-21.46.59:595][626]LogModuleManager: Shutting down and abandoning module Landscape (28)
[2021.01.10-21.46.59:595][626]LogModuleManager: Shutting down and abandoning module SlateRHIRenderer (26)
[2021.01.10-21.46.59:595][626]LogModuleManager: Shutting down and abandoning module OpenGLDrv (24)
[2021.01.10-21.46.59:595][626]LogModuleManager: Shutting down and abandoning module D3D11RHI (22)
[2021.01.10-21.46.59:595][626]LogModuleManager: Shutting down and abandoning module AnimGraphRuntime (20)
[2021.01.10-21.46.59:595][626]LogModuleManager: Shutting down and abandoning module Renderer (18)
[2021.01.10-21.46.59:595][626]LogModuleManager: Shutting down and abandoning module Engine (16)
[2021.01.10-21.46.59:595][626]LogModuleManager: Shutting down and abandoning module CoreUObject (14)
[2021.01.10-21.46.59:595][626]LogModuleManager: Shutting down and abandoning module NetworkFile (12)
[2021.01.10-21.46.59:595][626]LogModuleManager: Shutting down and abandoning module CookedIterativeFile (10)
[2021.01.10-21.46.59:595][626]LogModuleManager: Shutting down and abandoning module StreamingFile (8)
[2021.01.10-21.46.59:595][626]LogModuleManager: Shutting down and abandoning module SandboxFile (6)
[2021.01.10-21.46.59:595][626]LogModuleManager: Shutting down and abandoning module PakFile (4)
[2021.01.10-21.46.59:595][626]LogModuleManager: Shutting down and abandoning module RSA (3)
[2021.01.10-21.46.59:914][626]LogContentStreaming: Display: There are 1 unreleased StreamingManagers
[2021.01.10-21.46.59:914][626]LogD3D11RHI: Shutdown
[2021.01.10-21.46.59:914][626]LogD3D11RHI: CleanupD3DDevice
[2021.01.10-21.46.59:933][626]LogExit: Exiting.
[2021.01.10-21.46.59:940][626]Log file closed, 01/11/21 00:46:59
